02:54:52.065 [main                     ] DEBUG Logger               - Configured Logger
02:54:52.069 [main                     ] DEBUG GameApplication      - Logging settings
Title: 卡牌游戏
Version: Alpha 0.1
Width: 960
Height: 540
Fullscreen: false
Intro: false
Profiling: false
Single step:false
App Mode: DEVELOPER
Menu Key: ESCAPE
Stage Style: DECORATED
Scene Factory: class com.almasb.fxgl.app.scene.SceneFactory

02:54:52.269 [JavaFX Application Thread] DEBUG FXGLApplication      - Initializing FXGL
02:54:52.270 [JavaFX Application Thread] INFO  Engine               - FXGL-21.1 (27.03.2024 07.52) on MAC (J:25 FX:21.0.1)
02:54:52.270 [JavaFX Application Thread] DEBUG Engine               - JRE Vendor Name: Azul Systems, Inc.
02:54:52.270 [JavaFX Application Thread] DEBUG Engine               - Running on OS: Mac OS X version 26.1
02:54:52.270 [JavaFX Application Thread] DEBUG Engine               - Architecture: aarch64
02:54:52.270 [JavaFX Application Thread] INFO  Engine               - Source code and latest versions at: https://github.com/AlmasB/FXGL
02:54:52.270 [JavaFX Application Thread] INFO  Engine               -       Ask questions and discuss at: https://github.com/AlmasB/FXGL/discussions
02:54:52.270 [JavaFX Application Thread] INFO  Engine               -              Join the FXGL chat at: https://gitter.im/AlmasB/FXGL
02:54:52.305 [JavaFX Application Thread] DEBUG PrimaryStageWindow   - Creating a JavaFX scene
02:54:52.322 [JavaFX Application Thread] DEBUG PrimaryStageWindow   - Target settings size: 960.0 x 540.0
02:54:52.322 [JavaFX Application Thread] DEBUG PrimaryStageWindow   - Scaled scene size:    960.0 x 540.0
02:54:52.322 [JavaFX Application Thread] DEBUG PrimaryStageWindow   - Scaled ratio: (1.0, 1.0)
02:54:52.322 [JavaFX Application Thread] DEBUG PrimaryStageWindow   - Set initial scene to FXGLStartupScene
02:54:52.323 [JavaFX Application Thread] DEBUG PrimaryStageWindow   - Opening main window
02:54:52.379 [JavaFX Application Thread] DEBUG PrimaryStageWindow   - Window border size: (0.0, 28.0)
02:54:52.379 [JavaFX Application Thread] DEBUG PrimaryStageWindow   - Scaled size: 960.0 x 540.0
02:54:52.379 [JavaFX Application Thread] DEBUG PrimaryStageWindow   - Scaled ratio: (1.0, 1.0)
02:54:52.380 [JavaFX Application Thread] DEBUG PrimaryStageWindow   - Scene size: 960.0 x 540.0
02:54:52.380 [JavaFX Application Thread] DEBUG PrimaryStageWindow   - Stage size: 960.0 x 568.0
02:54:52.383 [FXGL Background Thread 1 ] DEBUG Engine               - Initializing environment variables
02:54:52.422 [FXGL Background Thread 1 ] DEBUG FXGLAssetLoaderServi - User app class for loading assets: class cc.ranmc.game.card.client.Main
02:54:52.423 [FXGL Background Thread 1 ] DEBUG GameApplicationServi - Applying CSS: fxgl_dark.css
02:54:52.423 [FXGL Background Thread 1 ] DEBUG FXGLAssetLoaderServi - Loading from file system: jar:file:/Users/rain/.m2/repository/com/github/almasb/fxgl/21.1/fxgl-21.1.jar!/fxglassets/ui/css/fxgl_dark.css
02:54:52.455 [FXGL Background Thread 1 ] DEBUG GameApplicationServi - Initializing application scenes
02:54:52.545 [FXGL Background Thread 1 ] DEBUG GameWorld            - Game world initialized
02:54:52.562 [FXGL Background Thread 1 ] DEBUG PhysicsWorld         - Physics world initialized: appHeight=540, physics.ppm=50.0
02:54:52.562 [FXGL Background Thread 1 ] DEBUG PhysicsWorld         - Using strategy: BRUTE_FORCE
02:54:52.564 [FXGL Background Thread 1 ] DEBUG GameScene            - Game scene initialized: 960x540
02:54:52.564 [FXGL Background Thread 1 ] DEBUG GameApplicationServi - Application scenes initialized
02:54:52.570 [FXGL Background Thread 1 ] DEBUG SystemBundleService  - Loading FXGL system data
02:54:52.571 [FXGL Background Thread 1 ] DEBUG FileSystemAccess     - Reading from: /Users/rain/Desktop/Project/CardGame/system/fxgl.bundle
02:54:52.573 [FXGL Background Thread 1 ] DEBUG SystemBundleService  - Bundle FXGL: {}
02:54:52.574 [FXGL Background Thread 1 ] DEBUG UpdaterService       - Checking for updates
02:54:52.578 [FXGL Background Thread 4 ] DEBUG FXGLApplication      - Loading fonts
02:54:52.579 [FXGL Background Thread 4 ] DEBUG FXGLAssetLoaderServi - Loading from file system: jar:file:/Users/rain/.m2/repository/com/github/almasb/fxgl/21.1/fxgl-21.1.jar!/fxglassets/ui/fonts/VarelaRound-Regular.ttf
02:54:52.579 [FXGL Background Thread 1 ] DEBUG FXGLApplication      - Loading default localization
02:54:52.580 [FXGL Background Thread 1 ] DEBUG FXGLAssetLoaderServi - Loading from file system: jar:file:/Users/rain/.m2/repository/com/github/almasb/fxgl/21.1/fxgl-21.1.jar!/fxglassets/languages/english.lang
02:54:52.587 [FXGL Background Thread 1 ] INFO  FXGLApplication      - FXGL initialization took: 0.204 sec
02:54:52.590 [FXGL Background Thread 4 ] DEBUG FXGLAssetLoaderServi - Loading from file system: jar:file:/Users/rain/.m2/repository/com/github/almasb/fxgl/21.1/fxgl-21.1.jar!/fxglassets/ui/fonts/Abel-Regular.ttf
02:54:52.592 [FXGL Background Thread 4 ] DEBUG FXGLAssetLoaderServi - Loading from file system: jar:file:/Users/rain/.m2/repository/com/github/almasb/fxgl/21.1/fxgl-21.1.jar!/fxglassets/ui/fonts/TerminalLandMono-Regular.otf
02:54:52.592 [JavaFX Application Thread] DEBUG Input                - Registered new binding: Move Up - W
02:54:52.592 [JavaFX Application Thread] DEBUG Input                - Registered new binding: Move Down - S
02:54:52.592 [JavaFX Application Thread] DEBUG Input                - Registered new binding: Move Left - A
02:54:52.592 [JavaFX Application Thread] DEBUG Input                - Registered new binding: Move Right - D
02:54:52.592 [JavaFX Application Thread] DEBUG FXGLAssetLoaderServi - Loading from file system: jar:file:/Users/rain/.m2/repository/com/github/almasb/fxgl/21.1/fxgl-21.1.jar!/fxglassets/textures/fxgl_icon.png
02:54:52.594 [FXGL Background Thread 4 ] DEBUG FXGLAssetLoaderServi - Loading from file system: jar:file:/Users/rain/.m2/repository/com/github/almasb/fxgl/21.1/fxgl-21.1.jar!/fxglassets/ui/fonts/Courier-Prime.ttf
02:54:52.615 [JavaFX Application Thread] DEBUG FXGLAssetLoaderServi - Loading from file system: jar:file:/Users/rain/.m2/repository/com/github/almasb/fxgl/21.1/fxgl-21.1.jar!/fxglassets/textures/fxgl_default_cursor.png
02:54:52.615 [JavaFX Application Thread] DEBUG Input                - Registered new binding: Screenshot - CTRL+8
02:54:52.616 [JavaFX Application Thread] DEBUG Input                - Registered new binding: System info dump - CTRL+9
02:54:52.616 [JavaFX Application Thread] DEBUG Input                - Registered new binding: Restart - CTRL+R
02:54:52.616 [JavaFX Application Thread] DEBUG Input                - Registered new binding: Toggle Debug Camera - CTRL+7
02:54:52.617 [JavaFX Application Thread] DEBUG LoopRunner           - Starting loop
02:54:52.617 [JavaFX Application Thread] DEBUG LoopRunner           - Initializing JavaFX AnimationTimerLoop
02:54:52.617 [JavaFX Application Thread] DEBUG GameApplicationServi - Starting new game
02:54:52.617 [JavaFX Application Thread] DEBUG Input                - Clearing active input actions
02:54:52.620 [JavaFX Application Thread] DEBUG GameApplicationServi - Removing overlay from FXGLStartupScene and adding to FXGLLoadingScene
02:54:52.621 [JavaFX Application Thread] DEBUG PrimaryStageWindow   - FXGLStartupScene -> FXGLLoadingScene
02:54:52.621 [JavaFX Application Thread] DEBUG GameApplicationServi - Clearing previous game
02:54:52.621 [JavaFX Application Thread] DEBUG GameScene            - Clearing game scene
02:54:52.621 [JavaFX Application Thread] DEBUG GameWorld            - Clearing game world
02:54:52.621 [JavaFX Application Thread] DEBUG PhysicsWorld         - Clearing physics world
02:54:52.622 [FXGL Background Thread 4 ] DEBUG FXGLApplication      - Initializing game
02:54:52.624 [JavaFX Application Thread] DEBUG FXGLApplication      - Registering font factories with UI factory
02:54:52.624 [FXGL Background Thread 4 ] INFO  FXGLApplication      - Game initialization took: 0.002 sec
02:54:52.624 [ClientAsyncConnThread    ] DEBUG TCPClient            - Connecting to localhost:2263 type: class com.almasb.fxgl.core.serialization.Bundle
02:54:52.627 [ClientAsyncConnThread    ] DEBUG TCPClient            - Created socket to localhost:2263
02:54:52.629 [ClientAsyncConnThread    ] DEBUG Endpoint             - TCPClient opening new connection (1) from localhost/127.0.0.1:2263 type: class com.almasb.fxgl.core.serialization.Bundle
02:54:52.631 [ClientAsyncConnThread    ] DEBUG Endpoint             - TCPClient successfully opened connection (1)
02:54:52.633 [TCPClient_SendThread-1   ] DEBUG Writers              - Getting TCPMessageWriter for class com.almasb.fxgl.core.serialization.Bundle
02:54:52.634 [TCPClient_RecvThread-1   ] DEBUG Readers              - Getting TCPMessageReader for class com.almasb.fxgl.core.serialization.Bundle
02:54:52.634 [TCPClient_RecvThread-1   ] DEBUG Readers              - Constructed MessageReader for class com.almasb.fxgl.core.serialization.Bundle: BundleTCPMessageReader
02:54:52.635 [TCPClient_SendThread-1   ] DEBUG Writers              - Constructed TCPMessageWriter for class com.almasb.fxgl.core.serialization.Bundle: BundleTCPMessageWriter
02:54:52.643 [JavaFX Application Thread] DEBUG Input                - Clearing active input actions
02:54:52.646 [JavaFX Application Thread] DEBUG GameApplicationServi - Removing overlay from FXGLLoadingScene and adding to GameScene
02:54:52.646 [JavaFX Application Thread] DEBUG PrimaryStageWindow   - FXGLLoadingScene -> GameScene
02:54:55.580 [FXGL Background Thread 3 ] DEBUG Engine               - Logging environment variables
02:54:55.580 [FXGL Background Thread 3 ] DEBUG Engine               - achievements: []
02:54:55.580 [FXGL Background Thread 3 ] DEBUG Engine               - actualHeight: 540.0
02:54:55.581 [FXGL Background Thread 3 ] DEBUG Engine               - actualHeightProperty: ReadOnlyDoubleProperty [value: 540.0]
02:54:55.581 [FXGL Background Thread 3 ] DEBUG Engine               - actualWidth: 960.0
02:54:55.581 [FXGL Background Thread 3 ] DEBUG Engine               - actualWidthProperty: ReadOnlyDoubleProperty [value: 960.0]
02:54:55.581 [FXGL Background Thread 3 ] DEBUG Engine               - appIcon: fxgl_icon.png
02:54:55.581 [FXGL Background Thread 3 ] DEBUG Engine               - applicationMode: DEVELOPER
02:54:55.581 [FXGL Background Thread 3 ] DEBUG Engine               - cSSList: [fxgl_dark.css]
02:54:55.581 [FXGL Background Thread 3 ] DEBUG Engine               - collisionDetectionStrategy: BRUTE_FORCE
02:54:55.581 [FXGL Background Thread 3 ] DEBUG Engine               - configClass: Optional.empty
02:54:55.581 [FXGL Background Thread 3 ] DEBUG Engine               - credits: []
02:54:55.582 [FXGL Background Thread 3 ] DEBUG Engine               - defaultCursor: CursorInfo(imageName=fxgl_default_cursor.png, hotspotX=7.0, hotspotY=6.0)
02:54:55.582 [FXGL Background Thread 3 ] DEBUG Engine               - devBBoxColorProperty: ObjectProperty [value: 0xff0000ff]
02:54:55.583 [FXGL Background Thread 3 ] DEBUG Engine               - devEnableDebugCameraProperty: BooleanProperty [value: false]
02:54:55.583 [FXGL Background Thread 3 ] DEBUG Engine               - devSensorColorProperty: ObjectProperty [value: 0xffff00ff]
02:54:55.583 [FXGL Background Thread 3 ] DEBUG Engine               - devShowBBoxProperty: BooleanProperty [value: false]
02:54:55.583 [FXGL Background Thread 3 ] DEBUG Engine               - devShowPositionProperty: BooleanProperty [value: false]
02:54:55.583 [FXGL Background Thread 3 ] DEBUG Engine               - enabledMenuItems: []
02:54:55.583 [FXGL Background Thread 3 ] DEBUG Engine               - engineServices: [class com.almasb.fxgl.app.services.FXGLAssetLoaderService, class com.almasb.fxgl.app.FXGLApplication$GameApplicationService, class com.almasb.fxgl.app.services.FXGLDialogService, class com.almasb.fxgl.app.services.IOTaskExecutorService, class com.almasb.fxgl.io.FileSystemService, class com.almasb.fxgl.localization.LocalizationService, class com.almasb.fxgl.app.services.SystemBundleService, class com.almasb.fxgl.profile.SaveLoadService, class com.almasb.fxgl.ui.FXGLUIFactoryServiceProvider, class com.almasb.fxgl.ui.FXGLDialogFactoryServiceProvider, class com.almasb.fxgl.audio.AudioPlayer, class com.almasb.fxgl.notification.impl.NotificationServiceProvider, class com.almasb.fxgl.achievement.AchievementService, class com.almasb.fxgl.cutscene.CutsceneService, class com.almasb.fxgl.minigames.MiniGameService, class com.almasb.fxgl.net.NetService, class com.almasb.fxgl.app.services.UpdaterService, class com.almasb.fxgl.dev.DevService]
02:54:55.583 [FXGL Background Thread 3 ] DEBUG Engine               - fontGame: Abel-Regular.ttf
02:54:55.583 [FXGL Background Thread 3 ] DEBUG Engine               - fontMono: TerminalLandMono-Regular.otf
02:54:55.583 [FXGL Background Thread 3 ] DEBUG Engine               - fontSizeScaleUI: 1.0
02:54:55.583 [FXGL Background Thread 3 ] DEBUG Engine               - fontText: Courier-Prime.ttf
02:54:55.583 [FXGL Background Thread 3 ] DEBUG Engine               - fontUI: VarelaRound-Regular.ttf
02:54:55.583 [FXGL Background Thread 3 ] DEBUG Engine               - fullScreen: BooleanProperty [value: false]
02:54:55.583 [FXGL Background Thread 3 ] DEBUG Engine               - gameDifficulty: MEDIUM
02:54:55.583 [FXGL Background Thread 3 ] DEBUG Engine               - gameDifficultyProperty: ObjectProperty [value: MEDIUM]
02:54:55.583 [FXGL Background Thread 3 ] DEBUG Engine               - globalMusicVolume: 0.5
02:54:55.583 [FXGL Background Thread 3 ] DEBUG Engine               - globalMusicVolumeProperty: DoubleProperty [value: 0.5]
02:54:55.583 [FXGL Background Thread 3 ] DEBUG Engine               - globalSoundVolume: 0.5
02:54:55.583 [FXGL Background Thread 3 ] DEBUG Engine               - globalSoundVolumeProperty: DoubleProperty [value: 0.5]
02:54:55.583 [FXGL Background Thread 3 ] DEBUG Engine               - height: 540
02:54:55.583 [FXGL Background Thread 3 ] DEBUG Engine               - is3D: false
02:54:55.583 [FXGL Background Thread 3 ] DEBUG Engine               - isAndroid: false
02:54:55.583 [FXGL Background Thread 3 ] DEBUG Engine               - isBrowser: false
02:54:55.583 [FXGL Background Thread 3 ] DEBUG Engine               - isClickFeedbackEnabled: false
02:54:55.584 [FXGL Background Thread 3 ] DEBUG Engine               - isCloseConfirmation: false
02:54:55.584 [FXGL Background Thread 3 ] DEBUG Engine               - isDesktop: true
02:54:55.584 [FXGL Background Thread 3 ] DEBUG Engine               - isDeveloperMenuEnabled: false
02:54:55.584 [FXGL Background Thread 3 ] DEBUG Engine               - isEmbedded: false
02:54:55.584 [FXGL Background Thread 3 ] DEBUG Engine               - isEntityPreloadEnabled: true
02:54:55.584 [FXGL Background Thread 3 ] DEBUG Engine               - isExperimentalTiledLargeMap: false
02:54:55.584 [FXGL Background Thread 3 ] DEBUG Engine               - isFileSystemWriteAllowed: true
02:54:55.584 [FXGL Background Thread 3 ] DEBUG Engine               - isFullScreenAllowed: false
02:54:55.584 [FXGL Background Thread 3 ] DEBUG Engine               - isFullScreenFromStart: false
02:54:55.584 [FXGL Background Thread 3 ] DEBUG Engine               - isGameMenuEnabled: false
02:54:55.584 [FXGL Background Thread 3 ] DEBUG Engine               - isIOS: false
02:54:55.584 [FXGL Background Thread 3 ] DEBUG Engine               - isIntroEnabled: false
02:54:55.584 [FXGL Background Thread 3 ] DEBUG Engine               - isLinux: false
02:54:55.584 [FXGL Background Thread 3 ] DEBUG Engine               - isMac: true
02:54:55.584 [FXGL Background Thread 3 ] DEBUG Engine               - isMainMenuEnabled: false
02:54:55.584 [FXGL Background Thread 3 ] DEBUG Engine               - isManualResizeEnabled: false
02:54:55.584 [FXGL Background Thread 3 ] DEBUG Engine               - isMobile: false
02:54:55.584 [FXGL Background Thread 3 ] DEBUG Engine               - isNative: false
02:54:55.584 [FXGL Background Thread 3 ] DEBUG Engine               - isPauseMusicWhenMinimized: true
02:54:55.584 [FXGL Background Thread 3 ] DEBUG Engine               - isPreserveResizeRatio: false
02:54:55.584 [FXGL Background Thread 3 ] DEBUG Engine               - isProfilingEnabled: false
02:54:55.584 [FXGL Background Thread 3 ] DEBUG Engine               - isScaleAffectedOnResize: true
02:54:55.584 [FXGL Background Thread 3 ] DEBUG Engine               - isSingleStep: false
02:54:55.584 [FXGL Background Thread 3 ] DEBUG Engine               - isUserProfileEnabled: false
02:54:55.584 [FXGL Background Thread 3 ] DEBUG Engine               - isWindows: false
02:54:55.584 [FXGL Background Thread 3 ] DEBUG Engine               - language: ObjectProperty [value: ENGLISH]
02:54:55.584 [FXGL Background Thread 3 ] DEBUG Engine               - menuKey: ESCAPE
02:54:55.584 [FXGL Background Thread 3 ] DEBUG Engine               - mouseSensitivity: 0.2
02:54:55.584 [FXGL Background Thread 3 ] DEBUG Engine               - notificationViewClass: class com.almasb.fxgl.notification.view.XboxNotificationView
02:54:55.584 [FXGL Background Thread 3 ] DEBUG Engine               - pixelsPerMeter: 50.0
02:54:55.584 [FXGL Background Thread 3 ] DEBUG Engine               - platform: MAC
02:54:55.584 [FXGL Background Thread 3 ] DEBUG Engine               - prefHeightProperty: ReadOnlyDoubleProperty [value: 540.0]
02:54:55.584 [FXGL Background Thread 3 ] DEBUG Engine               - prefWidthProperty: ReadOnlyDoubleProperty [value: 960.0]
02:54:55.584 [FXGL Background Thread 3 ] DEBUG Engine               - profileDir: profiles/
02:54:55.584 [FXGL Background Thread 3 ] DEBUG Engine               - profileName: StringProperty [value: DEFAULT]
02:54:55.584 [FXGL Background Thread 3 ] DEBUG Engine               - randomSeed: -1
02:54:55.585 [FXGL Background Thread 3 ] DEBUG Engine               - runtimeInfo: RuntimeInfo(platform=MAC, version=21.1, build=27.03.2024 07.52)
02:54:55.585 [FXGL Background Thread 3 ] DEBUG Engine               - saveFileExt: sav
02:54:55.585 [FXGL Background Thread 3 ] DEBUG Engine               - scaledHeightProp$fxgl: DoubleProperty [bound, value: 540.0]
02:54:55.585 [FXGL Background Thread 3 ] DEBUG Engine               - scaledWidthProp$fxgl: DoubleProperty [bound, value: 960.0]
02:54:55.585 [FXGL Background Thread 3 ] DEBUG Engine               - sceneFactory: com.almasb.fxgl.app.scene.SceneFactory@2fd383d2
02:54:55.585 [FXGL Background Thread 3 ] DEBUG Engine               - secondsIn24h: 60
02:54:55.585 [FXGL Background Thread 3 ] DEBUG Engine               - soundMenuBack: menu/back.wav
02:54:55.585 [FXGL Background Thread 3 ] DEBUG Engine               - soundMenuPress: menu/press.wav
02:54:55.585 [FXGL Background Thread 3 ] DEBUG Engine               - soundMenuSelect: menu/select.wav
02:54:55.585 [FXGL Background Thread 3 ] DEBUG Engine               - soundNotification: core/notification.wav
02:54:55.585 [FXGL Background Thread 3 ] DEBUG Engine               - stageStyle: DECORATED
02:54:55.585 [FXGL Background Thread 3 ] DEBUG Engine               - supportedLanguages: [ENGLISH, FRENCH, GERMAN, HUNGARIAN, RUSSIAN]
02:54:55.585 [FXGL Background Thread 3 ] DEBUG Engine               - ticksPerSecond: -1
02:54:55.585 [FXGL Background Thread 3 ] DEBUG Engine               - title: 卡牌游戏
02:54:55.585 [FXGL Background Thread 3 ] DEBUG Engine               - urlGithub: https://github.com/AlmasB/FXGL
02:54:55.585 [FXGL Background Thread 3 ] DEBUG Engine               - urlLeaderboard: http://fxgl-top.herokuapp.com/
02:54:55.585 [FXGL Background Thread 3 ] DEBUG Engine               - urlPOM: https://raw.githubusercontent.com/AlmasB/FXGL/release/README.md
02:54:55.585 [FXGL Background Thread 3 ] DEBUG Engine               - userAppClass: class cc.ranmc.game.card.client.Main
02:54:55.585 [FXGL Background Thread 3 ] DEBUG Engine               - version: Alpha 0.1
02:54:55.585 [FXGL Background Thread 3 ] DEBUG Engine               - versionCheckDays: 7
02:54:55.585 [FXGL Background Thread 3 ] DEBUG Engine               - width: 960
02:54:55.585 [FXGL Background Thread 3 ] DEBUG Engine               - Logging services
02:54:55.585 [FXGL Background Thread 3 ] DEBUG Engine               - class com.almasb.fxgl.app.services.FXGLAssetLoaderService
02:54:55.585 [FXGL Background Thread 3 ] DEBUG Engine               - class com.almasb.fxgl.app.FXGLApplication$GameApplicationService
02:54:55.585 [FXGL Background Thread 3 ] DEBUG Engine               - class com.almasb.fxgl.app.services.FXGLDialogService
02:54:55.585 [FXGL Background Thread 3 ] DEBUG Engine               - class com.almasb.fxgl.app.services.IOTaskExecutorService
02:54:55.585 [FXGL Background Thread 3 ] DEBUG Engine               - class com.almasb.fxgl.io.FileSystemService
02:54:55.585 [FXGL Background Thread 3 ] DEBUG Engine               - class com.almasb.fxgl.localization.LocalizationService
02:54:55.585 [FXGL Background Thread 3 ] DEBUG Engine               - class com.almasb.fxgl.app.services.SystemBundleService
02:54:55.585 [FXGL Background Thread 3 ] DEBUG Engine               - class com.almasb.fxgl.profile.SaveLoadService
02:54:55.586 [FXGL Background Thread 3 ] DEBUG Engine               - class com.almasb.fxgl.ui.FXGLUIFactoryServiceProvider
02:54:55.586 [FXGL Background Thread 3 ] DEBUG Engine               - class com.almasb.fxgl.ui.FXGLDialogFactoryServiceProvider
02:54:55.586 [FXGL Background Thread 3 ] DEBUG Engine               - class com.almasb.fxgl.audio.AudioPlayer
02:54:55.586 [FXGL Background Thread 3 ] DEBUG Engine               - class com.almasb.fxgl.notification.impl.NotificationServiceProvider
02:54:55.586 [FXGL Background Thread 3 ] DEBUG Engine               - class com.almasb.fxgl.achievement.AchievementService
02:54:55.586 [FXGL Background Thread 3 ] DEBUG Engine               - class com.almasb.fxgl.cutscene.CutsceneService
02:54:55.586 [FXGL Background Thread 3 ] DEBUG Engine               - class com.almasb.fxgl.minigames.MiniGameService
02:54:55.586 [FXGL Background Thread 3 ] DEBUG Engine               - class com.almasb.fxgl.net.NetService
02:54:55.586 [FXGL Background Thread 3 ] DEBUG Engine               - class com.almasb.fxgl.app.services.UpdaterService
02:54:55.586 [FXGL Background Thread 3 ] DEBUG Engine               - class com.almasb.fxgl.dev.DevService
02:55:02.720 [TCPClient_RecvThread-1   ] DEBUG Endpoint             - Connection 1 was unexpectedly disconnected: Connection reset
02:55:02.721 [TCPClient_RecvThread-1   ] DEBUG Connection           - Closing connection 1
02:55:02.721 [TCPClient_RecvThread-1   ] DEBUG Connection           - Connection 1 was correctly closed from local endpoint.
02:55:02.721 [TCPClient_RecvThread-1   ] DEBUG Endpoint             - TCPClient connection (1) was closed
02:55:02.730 [TCPClient_RecvThread-1   ] DEBUG PrimaryStageWindow   - Push state: DialogSubScene
02:55:02.730 [TCPClient_RecvThread-1   ] DEBUG Input                - Clearing active input actions
02:55:02.731 [TCPClient_RecvThread-1   ] DEBUG LoopRunner           - Stopping loop
02:55:02.731 [TCPClient_RecvThread-1   ] FATAL FXGLApplication      - Uncaught Exception:
java.lang.IllegalStateException: Not on FX application thread; currentThread = TCPClient_RecvThread-1
	at com.sun.javafx.tk.Toolkit.checkFxUserThread(Toolkit.java:294)
	at com.sun.javafx.tk.quantum.QuantumToolkit.checkFxUserThread(QuantumToolkit.java:475)
	at javafx.scene.Parent$3.onProposedChange(Parent.java:475)
	at com.sun.javafx.collections.VetoableListDecorator.add(VetoableListDecorator.java:209)
	at com.almasb.fxgl.app.MainWindow.pushState(MainWindow.kt:171)
	at com.almasb.fxgl.app.FXGLApplication$GameApplicationService.pushSubScene(FXGLApplication.kt:731)
	at com.almasb.fxgl.app.services.FXGLDialogService.show(FXGLDialogService.kt:98)
	at com.almasb.fxgl.app.services.FXGLDialogService.show(FXGLDialogService.kt:93)
	at com.almasb.fxgl.app.services.FXGLDialogService.showConfirmationBox(FXGLDialogService.kt:133)
	at cc.ranmc.game.card.client.Main.lambda$connect$2(GameClient.java:159)
	at com.almasb.fxgl.net.Endpoint.onConnectionClosed(Endpoint.java:181)
	at com.almasb.fxgl.net.Endpoint.lambda$openTCPConnection$3(Endpoint.java:119)
	at java.base/java.lang.Thread.run(Thread.java:1474)

02:55:02.732 [TCPClient_RecvThread-1   ] FATAL FXGLApplication      - Application will now exit
02:55:02.737 [TCPClient_RecvThread-1   ] DEBUG PrimaryStageWindow   - Push state: ErrorSubScene
02:55:02.737 [TCPClient_RecvThread-1   ] DEBUG Input                - Clearing active input actions
02:55:15.317 [JavaFX Application Thread] DEBUG FXGLApplication      - Exiting FXGL
02:55:15.317 [JavaFX Application Thread] DEBUG Async                - Shutting down background threads
02:55:15.317 [JavaFX Application Thread] DEBUG PrimaryStageWindow   - Closing main window
02:55:15.326 [JavaFX Application Thread] DEBUG Logger               - Closing Logger
