02:41:50.375 [main                     ] DEBUG Logger               - Configured Logger
02:41:50.380 [main                     ] DEBUG GameApplication      - Logging settings
Title: 卡牌游戏
Version: Alpha 0.1
Width: 960
Height: 540
Fullscreen: false
Intro: false
Profiling: false
Single step:false
App Mode: DEVELOPER
Menu Key: ESCAPE
Stage Style: DECORATED
Scene Factory: class com.almasb.fxgl.app.scene.SceneFactory

02:41:50.585 [JavaFX Application Thread] DEBUG FXGLApplication      - Initializing FXGL
02:41:50.586 [JavaFX Application Thread] INFO  Engine               - FXGL-21.1 (27.03.2024 07.52) on MAC (J:25 FX:21.0.1)
02:41:50.586 [JavaFX Application Thread] DEBUG Engine               - JRE Vendor Name: Azul Systems, Inc.
02:41:50.586 [JavaFX Application Thread] DEBUG Engine               - Running on OS: Mac OS X version 26.1
02:41:50.586 [JavaFX Application Thread] DEBUG Engine               - Architecture: aarch64
02:41:50.586 [JavaFX Application Thread] INFO  Engine               - Source code and latest versions at: https://github.com/AlmasB/FXGL
02:41:50.586 [JavaFX Application Thread] INFO  Engine               -       Ask questions and discuss at: https://github.com/AlmasB/FXGL/discussions
02:41:50.586 [JavaFX Application Thread] INFO  Engine               -              Join the FXGL chat at: https://gitter.im/AlmasB/FXGL
02:41:50.621 [JavaFX Application Thread] DEBUG PrimaryStageWindow   - Creating a JavaFX scene
02:41:50.649 [JavaFX Application Thread] DEBUG PrimaryStageWindow   - Target settings size: 960.0 x 540.0
02:41:50.649 [JavaFX Application Thread] DEBUG PrimaryStageWindow   - Scaled scene size:    960.0 x 540.0
02:41:50.649 [JavaFX Application Thread] DEBUG PrimaryStageWindow   - Scaled ratio: (1.0, 1.0)
02:41:50.650 [JavaFX Application Thread] DEBUG PrimaryStageWindow   - Set initial scene to FXGLStartupScene
02:41:50.651 [JavaFX Application Thread] DEBUG PrimaryStageWindow   - Opening main window
02:41:50.719 [JavaFX Application Thread] DEBUG PrimaryStageWindow   - Window border size: (0.0, 28.0)
02:41:50.719 [JavaFX Application Thread] DEBUG PrimaryStageWindow   - Scaled size: 960.0 x 540.0
02:41:50.719 [JavaFX Application Thread] DEBUG PrimaryStageWindow   - Scaled ratio: (1.0, 1.0)
02:41:50.719 [JavaFX Application Thread] DEBUG PrimaryStageWindow   - Scene size: 960.0 x 540.0
02:41:50.719 [JavaFX Application Thread] DEBUG PrimaryStageWindow   - Stage size: 960.0 x 568.0
02:41:50.722 [FXGL Background Thread 1 ] DEBUG Engine               - Initializing environment variables
02:41:50.760 [FXGL Background Thread 1 ] DEBUG FXGLAssetLoaderServi - User app class for loading assets: class cc.ranmc.game.card.client.Main
02:41:50.761 [FXGL Background Thread 1 ] DEBUG GameApplicationServi - Applying CSS: fxgl_dark.css
02:41:50.761 [FXGL Background Thread 1 ] DEBUG FXGLAssetLoaderServi - Loading from file system: jar:file:/Users/rain/.m2/repository/com/github/almasb/fxgl/21.1/fxgl-21.1.jar!/fxglassets/ui/css/fxgl_dark.css
02:41:50.791 [FXGL Background Thread 1 ] DEBUG GameApplicationServi - Initializing application scenes
02:41:50.885 [FXGL Background Thread 1 ] DEBUG GameWorld            - Game world initialized
02:41:50.905 [FXGL Background Thread 1 ] DEBUG PhysicsWorld         - Physics world initialized: appHeight=540, physics.ppm=50.0
02:41:50.905 [FXGL Background Thread 1 ] DEBUG PhysicsWorld         - Using strategy: BRUTE_FORCE
02:41:50.907 [FXGL Background Thread 1 ] DEBUG GameScene            - Game scene initialized: 960x540
02:41:50.907 [FXGL Background Thread 1 ] DEBUG GameApplicationServi - Application scenes initialized
02:41:50.913 [FXGL Background Thread 1 ] DEBUG SystemBundleService  - Loading FXGL system data
02:41:50.915 [FXGL Background Thread 1 ] DEBUG FileSystemAccess     - Reading from: /Users/rain/Desktop/Project/CardGame/system/fxgl.bundle
02:41:50.917 [FXGL Background Thread 1 ] DEBUG SystemBundleService  - Bundle FXGL: {}
02:41:50.917 [FXGL Background Thread 1 ] DEBUG UpdaterService       - Checking for updates
02:41:50.920 [FXGL Background Thread 4 ] DEBUG FXGLApplication      - Loading fonts
02:41:50.920 [FXGL Background Thread 4 ] DEBUG FXGLAssetLoaderServi - Loading from file system: jar:file:/Users/rain/.m2/repository/com/github/almasb/fxgl/21.1/fxgl-21.1.jar!/fxglassets/ui/fonts/VarelaRound-Regular.ttf
02:41:50.920 [FXGL Background Thread 1 ] DEBUG FXGLApplication      - Loading default localization
02:41:50.921 [FXGL Background Thread 1 ] DEBUG FXGLAssetLoaderServi - Loading from file system: jar:file:/Users/rain/.m2/repository/com/github/almasb/fxgl/21.1/fxgl-21.1.jar!/fxglassets/languages/english.lang
02:41:50.933 [FXGL Background Thread 1 ] INFO  FXGLApplication      - FXGL initialization took: 0.211 sec
02:41:50.935 [FXGL Background Thread 4 ] DEBUG FXGLAssetLoaderServi - Loading from file system: jar:file:/Users/rain/.m2/repository/com/github/almasb/fxgl/21.1/fxgl-21.1.jar!/fxglassets/ui/fonts/Abel-Regular.ttf
02:41:50.936 [JavaFX Application Thread] DEBUG Input                - Registered new binding: Move Up - W
02:41:50.936 [JavaFX Application Thread] DEBUG Input                - Registered new binding: Move Down - S
02:41:50.936 [JavaFX Application Thread] DEBUG Input                - Registered new binding: Move Left - A
02:41:50.936 [JavaFX Application Thread] DEBUG Input                - Registered new binding: Move Right - D
02:41:50.937 [JavaFX Application Thread] DEBUG FXGLAssetLoaderServi - Loading from file system: jar:file:/Users/rain/.m2/repository/com/github/almasb/fxgl/21.1/fxgl-21.1.jar!/fxglassets/textures/fxgl_icon.png
02:41:50.938 [FXGL Background Thread 4 ] DEBUG FXGLAssetLoaderServi - Loading from file system: jar:file:/Users/rain/.m2/repository/com/github/almasb/fxgl/21.1/fxgl-21.1.jar!/fxglassets/ui/fonts/TerminalLandMono-Regular.otf
02:41:50.940 [FXGL Background Thread 4 ] DEBUG FXGLAssetLoaderServi - Loading from file system: jar:file:/Users/rain/.m2/repository/com/github/almasb/fxgl/21.1/fxgl-21.1.jar!/fxglassets/ui/fonts/Courier-Prime.ttf
02:41:50.959 [JavaFX Application Thread] DEBUG FXGLAssetLoaderServi - Loading from file system: jar:file:/Users/rain/.m2/repository/com/github/almasb/fxgl/21.1/fxgl-21.1.jar!/fxglassets/textures/fxgl_default_cursor.png
02:41:50.960 [JavaFX Application Thread] DEBUG Input                - Registered new binding: Screenshot - CTRL+8
02:41:50.960 [JavaFX Application Thread] DEBUG Input                - Registered new binding: System info dump - CTRL+9
02:41:50.961 [JavaFX Application Thread] DEBUG Input                - Registered new binding: Restart - CTRL+R
02:41:50.961 [JavaFX Application Thread] DEBUG Input                - Registered new binding: Toggle Debug Camera - CTRL+7
02:41:50.962 [JavaFX Application Thread] DEBUG LoopRunner           - Starting loop
02:41:50.962 [JavaFX Application Thread] DEBUG LoopRunner           - Initializing JavaFX AnimationTimerLoop
02:41:50.962 [JavaFX Application Thread] DEBUG GameApplicationServi - Starting new game
02:41:50.962 [JavaFX Application Thread] DEBUG Input                - Clearing active input actions
02:41:50.966 [JavaFX Application Thread] DEBUG GameApplicationServi - Removing overlay from FXGLStartupScene and adding to FXGLLoadingScene
02:41:50.966 [JavaFX Application Thread] DEBUG PrimaryStageWindow   - FXGLStartupScene -> FXGLLoadingScene
02:41:50.966 [JavaFX Application Thread] DEBUG GameApplicationServi - Clearing previous game
02:41:50.966 [JavaFX Application Thread] DEBUG GameScene            - Clearing game scene
02:41:50.966 [JavaFX Application Thread] DEBUG GameWorld            - Clearing game world
02:41:50.966 [JavaFX Application Thread] DEBUG PhysicsWorld         - Clearing physics world
02:41:50.967 [FXGL Background Thread 4 ] DEBUG FXGLApplication      - Initializing game
02:41:50.969 [JavaFX Application Thread] DEBUG FXGLApplication      - Registering font factories with UI factory
02:41:50.970 [FXGL Background Thread 4 ] INFO  FXGLApplication      - Game initialization took: 0.003 sec
02:41:50.970 [ClientAsyncConnThread    ] DEBUG TCPClient            - Connecting to localhost:2263 type: class com.almasb.fxgl.core.serialization.Bundle
02:41:50.975 [ClientAsyncConnThread    ] DEBUG TCPClient            - Created socket to localhost:2263
02:41:50.977 [ClientAsyncConnThread    ] DEBUG Endpoint             - TCPClient opening new connection (1) from localhost/127.0.0.1:2263 type: class com.almasb.fxgl.core.serialization.Bundle
02:41:50.979 [ClientAsyncConnThread    ] DEBUG Endpoint             - TCPClient successfully opened connection (1)
02:41:50.982 [TCPClient_SendThread-1   ] DEBUG Writers              - Getting TCPMessageWriter for class com.almasb.fxgl.core.serialization.Bundle
02:41:50.983 [TCPClient_RecvThread-1   ] DEBUG Readers              - Getting TCPMessageReader for class com.almasb.fxgl.core.serialization.Bundle
02:41:50.984 [TCPClient_RecvThread-1   ] DEBUG Readers              - Constructed MessageReader for class com.almasb.fxgl.core.serialization.Bundle: BundleTCPMessageReader
02:41:50.984 [TCPClient_SendThread-1   ] DEBUG Writers              - Constructed TCPMessageWriter for class com.almasb.fxgl.core.serialization.Bundle: BundleTCPMessageWriter
02:41:50.989 [JavaFX Application Thread] DEBUG Input                - Clearing active input actions
02:41:50.991 [JavaFX Application Thread] DEBUG GameApplicationServi - Removing overlay from FXGLLoadingScene and adding to GameScene
02:41:50.991 [JavaFX Application Thread] DEBUG PrimaryStageWindow   - FXGLLoadingScene -> GameScene
02:41:53.924 [FXGL Background Thread 3 ] DEBUG Engine               - Logging environment variables
02:41:53.925 [FXGL Background Thread 3 ] DEBUG Engine               - achievements: []
02:41:53.925 [FXGL Background Thread 3 ] DEBUG Engine               - actualHeight: 540.0
02:41:53.925 [FXGL Background Thread 3 ] DEBUG Engine               - actualHeightProperty: ReadOnlyDoubleProperty [value: 540.0]
02:41:53.925 [FXGL Background Thread 3 ] DEBUG Engine               - actualWidth: 960.0
02:41:53.925 [FXGL Background Thread 3 ] DEBUG Engine               - actualWidthProperty: ReadOnlyDoubleProperty [value: 960.0]
02:41:53.925 [FXGL Background Thread 3 ] DEBUG Engine               - appIcon: fxgl_icon.png
02:41:53.925 [FXGL Background Thread 3 ] DEBUG Engine               - applicationMode: DEVELOPER
02:41:53.925 [FXGL Background Thread 3 ] DEBUG Engine               - cSSList: [fxgl_dark.css]
02:41:53.925 [FXGL Background Thread 3 ] DEBUG Engine               - collisionDetectionStrategy: BRUTE_FORCE
02:41:53.925 [FXGL Background Thread 3 ] DEBUG Engine               - configClass: Optional.empty
02:41:53.925 [FXGL Background Thread 3 ] DEBUG Engine               - credits: []
02:41:53.926 [FXGL Background Thread 3 ] DEBUG Engine               - defaultCursor: CursorInfo(imageName=fxgl_default_cursor.png, hotspotX=7.0, hotspotY=6.0)
02:41:53.926 [FXGL Background Thread 3 ] DEBUG Engine               - devBBoxColorProperty: ObjectProperty [value: 0xff0000ff]
02:41:53.926 [FXGL Background Thread 3 ] DEBUG Engine               - devEnableDebugCameraProperty: BooleanProperty [value: false]
02:41:53.926 [FXGL Background Thread 3 ] DEBUG Engine               - devSensorColorProperty: ObjectProperty [value: 0xffff00ff]
02:41:53.926 [FXGL Background Thread 3 ] DEBUG Engine               - devShowBBoxProperty: BooleanProperty [value: false]
02:41:53.926 [FXGL Background Thread 3 ] DEBUG Engine               - devShowPositionProperty: BooleanProperty [value: false]
02:41:53.926 [FXGL Background Thread 3 ] DEBUG Engine               - enabledMenuItems: []
02:41:53.926 [FXGL Background Thread 3 ] DEBUG Engine               - engineServices: [class com.almasb.fxgl.app.services.FXGLAssetLoaderService, class com.almasb.fxgl.app.FXGLApplication$GameApplicationService, class com.almasb.fxgl.app.services.FXGLDialogService, class com.almasb.fxgl.app.services.IOTaskExecutorService, class com.almasb.fxgl.io.FileSystemService, class com.almasb.fxgl.localization.LocalizationService, class com.almasb.fxgl.app.services.SystemBundleService, class com.almasb.fxgl.profile.SaveLoadService, class com.almasb.fxgl.ui.FXGLUIFactoryServiceProvider, class com.almasb.fxgl.ui.FXGLDialogFactoryServiceProvider, class com.almasb.fxgl.audio.AudioPlayer, class com.almasb.fxgl.notification.impl.NotificationServiceProvider, class com.almasb.fxgl.achievement.AchievementService, class com.almasb.fxgl.cutscene.CutsceneService, class com.almasb.fxgl.minigames.MiniGameService, class com.almasb.fxgl.net.NetService, class com.almasb.fxgl.app.services.UpdaterService, class com.almasb.fxgl.dev.DevService]
02:41:53.926 [FXGL Background Thread 3 ] DEBUG Engine               - fontGame: Abel-Regular.ttf
02:41:53.926 [FXGL Background Thread 3 ] DEBUG Engine               - fontMono: TerminalLandMono-Regular.otf
02:41:53.926 [FXGL Background Thread 3 ] DEBUG Engine               - fontSizeScaleUI: 1.0
02:41:53.926 [FXGL Background Thread 3 ] DEBUG Engine               - fontText: Courier-Prime.ttf
02:41:53.926 [FXGL Background Thread 3 ] DEBUG Engine               - fontUI: VarelaRound-Regular.ttf
02:41:53.926 [FXGL Background Thread 3 ] DEBUG Engine               - fullScreen: BooleanProperty [value: false]
02:41:53.926 [FXGL Background Thread 3 ] DEBUG Engine               - gameDifficulty: MEDIUM
02:41:53.926 [FXGL Background Thread 3 ] DEBUG Engine               - gameDifficultyProperty: ObjectProperty [value: MEDIUM]
02:41:53.927 [FXGL Background Thread 3 ] DEBUG Engine               - globalMusicVolume: 0.5
02:41:53.927 [FXGL Background Thread 3 ] DEBUG Engine               - globalMusicVolumeProperty: DoubleProperty [value: 0.5]
02:41:53.927 [FXGL Background Thread 3 ] DEBUG Engine               - globalSoundVolume: 0.5
02:41:53.927 [FXGL Background Thread 3 ] DEBUG Engine               - globalSoundVolumeProperty: DoubleProperty [value: 0.5]
02:41:53.927 [FXGL Background Thread 3 ] DEBUG Engine               - height: 540
02:41:53.927 [FXGL Background Thread 3 ] DEBUG Engine               - is3D: false
02:41:53.927 [FXGL Background Thread 3 ] DEBUG Engine               - isAndroid: false
02:41:53.927 [FXGL Background Thread 3 ] DEBUG Engine               - isBrowser: false
02:41:53.927 [FXGL Background Thread 3 ] DEBUG Engine               - isClickFeedbackEnabled: false
02:41:53.927 [FXGL Background Thread 3 ] DEBUG Engine               - isCloseConfirmation: false
02:41:53.927 [FXGL Background Thread 3 ] DEBUG Engine               - isDesktop: true
02:41:53.927 [FXGL Background Thread 3 ] DEBUG Engine               - isDeveloperMenuEnabled: false
02:41:53.927 [FXGL Background Thread 3 ] DEBUG Engine               - isEmbedded: false
02:41:53.927 [FXGL Background Thread 3 ] DEBUG Engine               - isEntityPreloadEnabled: true
02:41:53.927 [FXGL Background Thread 3 ] DEBUG Engine               - isExperimentalTiledLargeMap: false
02:41:53.927 [FXGL Background Thread 3 ] DEBUG Engine               - isFileSystemWriteAllowed: true
02:41:53.927 [FXGL Background Thread 3 ] DEBUG Engine               - isFullScreenAllowed: false
02:41:53.927 [FXGL Background Thread 3 ] DEBUG Engine               - isFullScreenFromStart: false
02:41:53.927 [FXGL Background Thread 3 ] DEBUG Engine               - isGameMenuEnabled: false
02:41:53.927 [FXGL Background Thread 3 ] DEBUG Engine               - isIOS: false
02:41:53.927 [FXGL Background Thread 3 ] DEBUG Engine               - isIntroEnabled: false
02:41:53.927 [FXGL Background Thread 3 ] DEBUG Engine               - isLinux: false
02:41:53.927 [FXGL Background Thread 3 ] DEBUG Engine               - isMac: true
02:41:53.927 [FXGL Background Thread 3 ] DEBUG Engine               - isMainMenuEnabled: false
02:41:53.927 [FXGL Background Thread 3 ] DEBUG Engine               - isManualResizeEnabled: false
02:41:53.927 [FXGL Background Thread 3 ] DEBUG Engine               - isMobile: false
02:41:53.927 [FXGL Background Thread 3 ] DEBUG Engine               - isNative: false
02:41:53.927 [FXGL Background Thread 3 ] DEBUG Engine               - isPauseMusicWhenMinimized: true
02:41:53.927 [FXGL Background Thread 3 ] DEBUG Engine               - isPreserveResizeRatio: false
02:41:53.927 [FXGL Background Thread 3 ] DEBUG Engine               - isProfilingEnabled: false
02:41:53.927 [FXGL Background Thread 3 ] DEBUG Engine               - isScaleAffectedOnResize: true
02:41:53.927 [FXGL Background Thread 3 ] DEBUG Engine               - isSingleStep: false
02:41:53.927 [FXGL Background Thread 3 ] DEBUG Engine               - isUserProfileEnabled: false
02:41:53.927 [FXGL Background Thread 3 ] DEBUG Engine               - isWindows: false
02:41:53.927 [FXGL Background Thread 3 ] DEBUG Engine               - language: ObjectProperty [value: ENGLISH]
02:41:53.927 [FXGL Background Thread 3 ] DEBUG Engine               - menuKey: ESCAPE
02:41:53.927 [FXGL Background Thread 3 ] DEBUG Engine               - mouseSensitivity: 0.2
02:41:53.927 [FXGL Background Thread 3 ] DEBUG Engine               - notificationViewClass: class com.almasb.fxgl.notification.view.XboxNotificationView
02:41:53.927 [FXGL Background Thread 3 ] DEBUG Engine               - pixelsPerMeter: 50.0
02:41:53.927 [FXGL Background Thread 3 ] DEBUG Engine               - platform: MAC
02:41:53.927 [FXGL Background Thread 3 ] DEBUG Engine               - prefHeightProperty: ReadOnlyDoubleProperty [value: 540.0]
02:41:53.927 [FXGL Background Thread 3 ] DEBUG Engine               - prefWidthProperty: ReadOnlyDoubleProperty [value: 960.0]
02:41:53.927 [FXGL Background Thread 3 ] DEBUG Engine               - profileDir: profiles/
02:41:53.928 [FXGL Background Thread 3 ] DEBUG Engine               - profileName: StringProperty [value: DEFAULT]
02:41:53.928 [FXGL Background Thread 3 ] DEBUG Engine               - randomSeed: -1
02:41:53.928 [FXGL Background Thread 3 ] DEBUG Engine               - runtimeInfo: RuntimeInfo(platform=MAC, version=21.1, build=27.03.2024 07.52)
02:41:53.928 [FXGL Background Thread 3 ] DEBUG Engine               - saveFileExt: sav
02:41:53.928 [FXGL Background Thread 3 ] DEBUG Engine               - scaledHeightProp$fxgl: DoubleProperty [bound, value: 540.0]
02:41:53.928 [FXGL Background Thread 3 ] DEBUG Engine               - scaledWidthProp$fxgl: DoubleProperty [bound, value: 960.0]
02:41:53.928 [FXGL Background Thread 3 ] DEBUG Engine               - sceneFactory: com.almasb.fxgl.app.scene.SceneFactory@39c4a811
02:41:53.928 [FXGL Background Thread 3 ] DEBUG Engine               - secondsIn24h: 60
02:41:53.928 [FXGL Background Thread 3 ] DEBUG Engine               - soundMenuBack: menu/back.wav
02:41:53.928 [FXGL Background Thread 3 ] DEBUG Engine               - soundMenuPress: menu/press.wav
02:41:53.928 [FXGL Background Thread 3 ] DEBUG Engine               - soundMenuSelect: menu/select.wav
02:41:53.928 [FXGL Background Thread 3 ] DEBUG Engine               - soundNotification: core/notification.wav
02:41:53.928 [FXGL Background Thread 3 ] DEBUG Engine               - stageStyle: DECORATED
02:41:53.928 [FXGL Background Thread 3 ] DEBUG Engine               - supportedLanguages: [ENGLISH, FRENCH, GERMAN, HUNGARIAN, RUSSIAN]
02:41:53.928 [FXGL Background Thread 3 ] DEBUG Engine               - ticksPerSecond: -1
02:41:53.928 [FXGL Background Thread 3 ] DEBUG Engine               - title: 卡牌游戏
02:41:53.928 [FXGL Background Thread 3 ] DEBUG Engine               - urlGithub: https://github.com/AlmasB/FXGL
02:41:53.928 [FXGL Background Thread 3 ] DEBUG Engine               - urlLeaderboard: http://fxgl-top.herokuapp.com/
02:41:53.928 [FXGL Background Thread 3 ] DEBUG Engine               - urlPOM: https://raw.githubusercontent.com/AlmasB/FXGL/release/README.md
02:41:53.928 [FXGL Background Thread 3 ] DEBUG Engine               - userAppClass: class cc.ranmc.game.card.client.Main
02:41:53.928 [FXGL Background Thread 3 ] DEBUG Engine               - version: Alpha 0.1
02:41:53.928 [FXGL Background Thread 3 ] DEBUG Engine               - versionCheckDays: 7
02:41:53.928 [FXGL Background Thread 3 ] DEBUG Engine               - width: 960
02:41:53.928 [FXGL Background Thread 3 ] DEBUG Engine               - Logging services
02:41:53.928 [FXGL Background Thread 3 ] DEBUG Engine               - class com.almasb.fxgl.app.services.FXGLAssetLoaderService
02:41:53.928 [FXGL Background Thread 3 ] DEBUG Engine               - class com.almasb.fxgl.app.FXGLApplication$GameApplicationService
02:41:53.928 [FXGL Background Thread 3 ] DEBUG Engine               - class com.almasb.fxgl.app.services.FXGLDialogService
02:41:53.928 [FXGL Background Thread 3 ] DEBUG Engine               - class com.almasb.fxgl.app.services.IOTaskExecutorService
02:41:53.928 [FXGL Background Thread 3 ] DEBUG Engine               - class com.almasb.fxgl.io.FileSystemService
02:41:53.928 [FXGL Background Thread 3 ] DEBUG Engine               - class com.almasb.fxgl.localization.LocalizationService
02:41:53.928 [FXGL Background Thread 3 ] DEBUG Engine               - class com.almasb.fxgl.app.services.SystemBundleService
02:41:53.928 [FXGL Background Thread 3 ] DEBUG Engine               - class com.almasb.fxgl.profile.SaveLoadService
02:41:53.928 [FXGL Background Thread 3 ] DEBUG Engine               - class com.almasb.fxgl.ui.FXGLUIFactoryServiceProvider
02:41:53.928 [FXGL Background Thread 3 ] DEBUG Engine               - class com.almasb.fxgl.ui.FXGLDialogFactoryServiceProvider
02:41:53.928 [FXGL Background Thread 3 ] DEBUG Engine               - class com.almasb.fxgl.audio.AudioPlayer
02:41:53.928 [FXGL Background Thread 3 ] DEBUG Engine               - class com.almasb.fxgl.notification.impl.NotificationServiceProvider
02:41:53.928 [FXGL Background Thread 3 ] DEBUG Engine               - class com.almasb.fxgl.achievement.AchievementService
02:41:53.928 [FXGL Background Thread 3 ] DEBUG Engine               - class com.almasb.fxgl.cutscene.CutsceneService
02:41:53.928 [FXGL Background Thread 3 ] DEBUG Engine               - class com.almasb.fxgl.minigames.MiniGameService
02:41:53.928 [FXGL Background Thread 3 ] DEBUG Engine               - class com.almasb.fxgl.net.NetService
02:41:53.928 [FXGL Background Thread 3 ] DEBUG Engine               - class com.almasb.fxgl.app.services.UpdaterService
02:41:53.928 [FXGL Background Thread 3 ] DEBUG Engine               - class com.almasb.fxgl.dev.DevService
02:42:03.865 [JavaFX Application Thread] DEBUG FXGLApplication      - Exiting FXGL
02:42:03.865 [JavaFX Application Thread] DEBUG LoopRunner           - Stopping loop
02:42:03.865 [JavaFX Application Thread] DEBUG SystemBundleService  - Saving FXGL system data
02:42:03.866 [JavaFX Application Thread] DEBUG FileSystemAccess     - Writing to: /Users/rain/Desktop/Project/CardGame/system/fxgl.bundle
02:42:03.866 [JavaFX Application Thread] DEBUG Async                - Shutting down background threads
02:42:03.866 [JavaFX Application Thread] DEBUG PrimaryStageWindow   - Closing main window
02:42:03.883 [JavaFX Application Thread] DEBUG Logger               - Closing Logger
