03:03:50.289 [main                     ] DEBUG Logger               - Configured Logger
03:03:50.294 [main                     ] DEBUG GameApplication      - Logging settings
Title: 卡牌游戏
Version: Alpha 0.1
Width: 960
Height: 540
Fullscreen: false
Intro: false
Profiling: false
Single step:false
App Mode: DEVELOPER
Menu Key: ESCAPE
Stage Style: DECORATED
Scene Factory: class com.almasb.fxgl.app.scene.SceneFactory

03:03:50.492 [JavaFX Application Thread] DEBUG FXGLApplication      - Initializing FXGL
03:03:50.493 [JavaFX Application Thread] INFO  Engine               - FXGL-21.1 (27.03.2024 07.52) on MAC (J:25 FX:21.0.1)
03:03:50.493 [JavaFX Application Thread] DEBUG Engine               - JRE Vendor Name: Azul Systems, Inc.
03:03:50.493 [JavaFX Application Thread] DEBUG Engine               - Running on OS: Mac OS X version 26.1
03:03:50.493 [JavaFX Application Thread] DEBUG Engine               - Architecture: aarch64
03:03:50.493 [JavaFX Application Thread] INFO  Engine               - Source code and latest versions at: https://github.com/AlmasB/FXGL
03:03:50.493 [JavaFX Application Thread] INFO  Engine               -       Ask questions and discuss at: https://github.com/AlmasB/FXGL/discussions
03:03:50.493 [JavaFX Application Thread] INFO  Engine               -              Join the FXGL chat at: https://gitter.im/AlmasB/FXGL
03:03:50.528 [JavaFX Application Thread] DEBUG PrimaryStageWindow   - Creating a JavaFX scene
03:03:50.545 [JavaFX Application Thread] DEBUG PrimaryStageWindow   - Target settings size: 960.0 x 540.0
03:03:50.545 [JavaFX Application Thread] DEBUG PrimaryStageWindow   - Scaled scene size:    960.0 x 540.0
03:03:50.545 [JavaFX Application Thread] DEBUG PrimaryStageWindow   - Scaled ratio: (1.0, 1.0)
03:03:50.545 [JavaFX Application Thread] DEBUG PrimaryStageWindow   - Set initial scene to FXGLStartupScene
03:03:50.547 [JavaFX Application Thread] DEBUG PrimaryStageWindow   - Opening main window
03:03:50.606 [JavaFX Application Thread] DEBUG PrimaryStageWindow   - Window border size: (0.0, 28.0)
03:03:50.606 [JavaFX Application Thread] DEBUG PrimaryStageWindow   - Scaled size: 960.0 x 540.0
03:03:50.606 [JavaFX Application Thread] DEBUG PrimaryStageWindow   - Scaled ratio: (1.0, 1.0)
03:03:50.606 [JavaFX Application Thread] DEBUG PrimaryStageWindow   - Scene size: 960.0 x 540.0
03:03:50.606 [JavaFX Application Thread] DEBUG PrimaryStageWindow   - Stage size: 960.0 x 568.0
03:03:50.609 [FXGL Background Thread 1 ] DEBUG Engine               - Initializing environment variables
03:03:50.647 [FXGL Background Thread 1 ] DEBUG FXGLAssetLoaderServi - User app class for loading assets: class cc.ranmc.game.card.client.Main
03:03:50.647 [FXGL Background Thread 1 ] DEBUG GameApplicationServi - Applying CSS: fxgl_dark.css
03:03:50.648 [FXGL Background Thread 1 ] DEBUG FXGLAssetLoaderServi - Loading from file system: jar:file:/Users/rain/.m2/repository/com/github/almasb/fxgl/21.1/fxgl-21.1.jar!/fxglassets/ui/css/fxgl_dark.css
03:03:50.672 [FXGL Background Thread 1 ] DEBUG GameApplicationServi - Initializing application scenes
03:03:50.745 [FXGL Background Thread 1 ] DEBUG GameWorld            - Game world initialized
03:03:50.762 [FXGL Background Thread 1 ] DEBUG PhysicsWorld         - Physics world initialized: appHeight=540, physics.ppm=50.0
03:03:50.763 [FXGL Background Thread 1 ] DEBUG PhysicsWorld         - Using strategy: BRUTE_FORCE
03:03:50.764 [FXGL Background Thread 1 ] DEBUG GameScene            - Game scene initialized: 960x540
03:03:50.764 [FXGL Background Thread 1 ] DEBUG GameApplicationServi - Application scenes initialized
03:03:50.769 [FXGL Background Thread 1 ] DEBUG SystemBundleService  - Loading FXGL system data
03:03:50.772 [FXGL Background Thread 1 ] DEBUG FileSystemAccess     - Reading from: /Users/rain/Desktop/Project/CardGame/system/fxgl.bundle
03:03:50.774 [FXGL Background Thread 1 ] DEBUG SystemBundleService  - Bundle FXGL: {}
03:03:50.774 [FXGL Background Thread 1 ] DEBUG UpdaterService       - Checking for updates
03:03:50.776 [FXGL Background Thread 4 ] DEBUG FXGLApplication      - Loading fonts
03:03:50.776 [FXGL Background Thread 1 ] DEBUG FXGLApplication      - Loading default localization
03:03:50.776 [FXGL Background Thread 1 ] DEBUG FXGLAssetLoaderServi - Loading from file system: jar:file:/Users/rain/.m2/repository/com/github/almasb/fxgl/21.1/fxgl-21.1.jar!/fxglassets/languages/english.lang
03:03:50.776 [FXGL Background Thread 4 ] DEBUG FXGLAssetLoaderServi - Loading from file system: jar:file:/Users/rain/.m2/repository/com/github/almasb/fxgl/21.1/fxgl-21.1.jar!/fxglassets/ui/fonts/VarelaRound-Regular.ttf
03:03:50.787 [FXGL Background Thread 1 ] INFO  FXGLApplication      - FXGL initialization took: 0.178 sec
03:03:50.790 [JavaFX Application Thread] DEBUG Input                - Registered new binding: Move Up - W
03:03:50.790 [JavaFX Application Thread] DEBUG Input                - Registered new binding: Move Down - S
03:03:50.790 [FXGL Background Thread 4 ] DEBUG FXGLAssetLoaderServi - Loading from file system: jar:file:/Users/rain/.m2/repository/com/github/almasb/fxgl/21.1/fxgl-21.1.jar!/fxglassets/ui/fonts/Abel-Regular.ttf
03:03:50.790 [JavaFX Application Thread] DEBUG Input                - Registered new binding: Move Left - A
03:03:50.790 [JavaFX Application Thread] DEBUG Input                - Registered new binding: Move Right - D
03:03:50.791 [JavaFX Application Thread] DEBUG FXGLAssetLoaderServi - Loading from file system: jar:file:/Users/rain/.m2/repository/com/github/almasb/fxgl/21.1/fxgl-21.1.jar!/fxglassets/textures/fxgl_icon.png
03:03:50.793 [FXGL Background Thread 4 ] DEBUG FXGLAssetLoaderServi - Loading from file system: jar:file:/Users/rain/.m2/repository/com/github/almasb/fxgl/21.1/fxgl-21.1.jar!/fxglassets/ui/fonts/TerminalLandMono-Regular.otf
03:03:50.795 [FXGL Background Thread 4 ] DEBUG FXGLAssetLoaderServi - Loading from file system: jar:file:/Users/rain/.m2/repository/com/github/almasb/fxgl/21.1/fxgl-21.1.jar!/fxglassets/ui/fonts/Courier-Prime.ttf
03:03:50.811 [JavaFX Application Thread] DEBUG FXGLAssetLoaderServi - Loading from file system: jar:file:/Users/rain/.m2/repository/com/github/almasb/fxgl/21.1/fxgl-21.1.jar!/fxglassets/textures/fxgl_default_cursor.png
03:03:50.811 [JavaFX Application Thread] DEBUG Input                - Registered new binding: Screenshot - CTRL+8
03:03:50.812 [JavaFX Application Thread] DEBUG Input                - Registered new binding: System info dump - CTRL+9
03:03:50.812 [JavaFX Application Thread] DEBUG Input                - Registered new binding: Restart - CTRL+R
03:03:50.812 [JavaFX Application Thread] DEBUG Input                - Registered new binding: Toggle Debug Camera - CTRL+7
03:03:50.812 [JavaFX Application Thread] DEBUG LoopRunner           - Starting loop
03:03:50.812 [JavaFX Application Thread] DEBUG LoopRunner           - Initializing JavaFX AnimationTimerLoop
03:03:50.813 [JavaFX Application Thread] DEBUG GameApplicationServi - Starting new game
03:03:50.813 [JavaFX Application Thread] DEBUG Input                - Clearing active input actions
03:03:50.816 [JavaFX Application Thread] DEBUG GameApplicationServi - Removing overlay from FXGLStartupScene and adding to FXGLLoadingScene
03:03:50.816 [JavaFX Application Thread] DEBUG PrimaryStageWindow   - FXGLStartupScene -> FXGLLoadingScene
03:03:50.817 [JavaFX Application Thread] DEBUG GameApplicationServi - Clearing previous game
03:03:50.817 [JavaFX Application Thread] DEBUG GameScene            - Clearing game scene
03:03:50.817 [JavaFX Application Thread] DEBUG GameWorld            - Clearing game world
03:03:50.817 [JavaFX Application Thread] DEBUG PhysicsWorld         - Clearing physics world
03:03:50.817 [FXGL Background Thread 4 ] DEBUG FXGLApplication      - Initializing game
03:03:50.819 [JavaFX Application Thread] DEBUG FXGLApplication      - Registering font factories with UI factory
03:03:50.820 [FXGL Background Thread 4 ] INFO  FXGLApplication      - Game initialization took: 0.003 sec
03:03:50.820 [ClientAsyncConnThread    ] DEBUG TCPClient            - Connecting to localhost:2263 type: class com.almasb.fxgl.core.serialization.Bundle
03:03:50.825 [ClientAsyncConnThread    ] WARN  IOTask               - ClientConnect failed
java.lang.RuntimeException: Failed to create a socket to address localhost : 2263 Error: java.net.ConnectException: Connection refused
	at com.almasb.fxgl.net.tcp.TCPClient.connect(TCPClient.java:46)
	at com.almasb.fxgl.core.concurrent.IOTask.lambda$ofVoid$5(IOTask.java:184)
	at com.almasb.fxgl.core.concurrent.IOTask$2.onExecute(IOTask.java:197)
	at com.almasb.fxgl.core.concurrent.IOTask.run(IOTask.java:118)
	at java.base/java.lang.Thread.run(Thread.java:1474)
Caused by: java.net.ConnectException: Connection refused
	at java.base/sun.nio.ch.Net.connect0(Native Method)
	at java.base/sun.nio.ch.Net.connect(Net.java:546)
	at java.base/sun.nio.ch.Net.connect(Net.java:535)
	at java.base/sun.nio.ch.NioSocketImpl.connect(NioSocketImpl.java:585)
	at java.base/java.net.SocksSocketImpl.connect(SocksSocketImpl.java:284)
	at java.base/java.net.Socket.connect(Socket.java:659)
	at java.base/java.net.Socket.connect(Socket.java:597)
	at java.base/java.net.Socket.<init>(Socket.java:464)
	at java.base/java.net.Socket.<init>(Socket.java:276)
	at com.almasb.fxgl.net.tcp.TCPClient.connect(TCPClient.java:41)
	... 4 more

03:03:50.838 [JavaFX Application Thread] DEBUG Input                - Clearing active input actions
03:03:50.840 [JavaFX Application Thread] DEBUG GameApplicationServi - Removing overlay from FXGLLoadingScene and adding to GameScene
03:03:50.840 [JavaFX Application Thread] DEBUG PrimaryStageWindow   - FXGLLoadingScene -> GameScene
03:03:52.756 [JavaFX Application Thread] DEBUG FXGLApplication      - Exiting FXGL
03:03:52.756 [JavaFX Application Thread] DEBUG LoopRunner           - Stopping loop
03:03:52.756 [JavaFX Application Thread] DEBUG SystemBundleService  - Saving FXGL system data
03:03:52.758 [JavaFX Application Thread] DEBUG FileSystemAccess     - Writing to: /Users/rain/Desktop/Project/CardGame/system/fxgl.bundle
03:03:52.760 [JavaFX Application Thread] DEBUG Async                - Shutting down background threads
03:03:52.760 [JavaFX Application Thread] DEBUG PrimaryStageWindow   - Closing main window
03:03:52.774 [JavaFX Application Thread] DEBUG Logger               - Closing Logger
