03:03:59.496 [main                     ] DEBUG Logger               - Configured Logger
03:03:59.502 [main                     ] DEBUG GameApplication      - Logging settings
Title: 卡牌游戏
Version: Alpha 0.1
Width: 960
Height: 540
Fullscreen: false
Intro: false
Profiling: false
Single step:false
App Mode: DEVELOPER
Menu Key: ESCAPE
Stage Style: DECORATED
Scene Factory: class com.almasb.fxgl.app.scene.SceneFactory

03:03:59.702 [JavaFX Application Thread] DEBUG FXGLApplication      - Initializing FXGL
03:03:59.703 [JavaFX Application Thread] INFO  Engine               - FXGL-21.1 (27.03.2024 07.52) on MAC (J:25 FX:21.0.1)
03:03:59.703 [JavaFX Application Thread] DEBUG Engine               - JRE Vendor Name: Azul Systems, Inc.
03:03:59.703 [JavaFX Application Thread] DEBUG Engine               - Running on OS: Mac OS X version 26.1
03:03:59.703 [JavaFX Application Thread] DEBUG Engine               - Architecture: aarch64
03:03:59.703 [JavaFX Application Thread] INFO  Engine               - Source code and latest versions at: https://github.com/AlmasB/FXGL
03:03:59.703 [JavaFX Application Thread] INFO  Engine               -       Ask questions and discuss at: https://github.com/AlmasB/FXGL/discussions
03:03:59.704 [JavaFX Application Thread] INFO  Engine               -              Join the FXGL chat at: https://gitter.im/AlmasB/FXGL
03:03:59.739 [JavaFX Application Thread] DEBUG PrimaryStageWindow   - Creating a JavaFX scene
03:03:59.757 [JavaFX Application Thread] DEBUG PrimaryStageWindow   - Target settings size: 960.0 x 540.0
03:03:59.757 [JavaFX Application Thread] DEBUG PrimaryStageWindow   - Scaled scene size:    960.0 x 540.0
03:03:59.757 [JavaFX Application Thread] DEBUG PrimaryStageWindow   - Scaled ratio: (1.0, 1.0)
03:03:59.758 [JavaFX Application Thread] DEBUG PrimaryStageWindow   - Set initial scene to FXGLStartupScene
03:03:59.759 [JavaFX Application Thread] DEBUG PrimaryStageWindow   - Opening main window
03:03:59.823 [JavaFX Application Thread] DEBUG PrimaryStageWindow   - Window border size: (0.0, 28.0)
03:03:59.823 [JavaFX Application Thread] DEBUG PrimaryStageWindow   - Scaled size: 960.0 x 540.0
03:03:59.823 [JavaFX Application Thread] DEBUG PrimaryStageWindow   - Scaled ratio: (1.0, 1.0)
03:03:59.823 [JavaFX Application Thread] DEBUG PrimaryStageWindow   - Scene size: 960.0 x 540.0
03:03:59.823 [JavaFX Application Thread] DEBUG PrimaryStageWindow   - Stage size: 960.0 x 568.0
03:03:59.826 [FXGL Background Thread 1 ] DEBUG Engine               - Initializing environment variables
03:03:59.863 [FXGL Background Thread 1 ] DEBUG FXGLAssetLoaderServi - User app class for loading assets: class cc.ranmc.game.card.client.Main
03:03:59.864 [FXGL Background Thread 1 ] DEBUG GameApplicationServi - Applying CSS: fxgl_dark.css
03:03:59.865 [FXGL Background Thread 1 ] DEBUG FXGLAssetLoaderServi - Loading from file system: jar:file:/Users/rain/.m2/repository/com/github/almasb/fxgl/21.1/fxgl-21.1.jar!/fxglassets/ui/css/fxgl_dark.css
03:03:59.896 [FXGL Background Thread 1 ] DEBUG GameApplicationServi - Initializing application scenes
03:03:59.977 [FXGL Background Thread 1 ] DEBUG GameWorld            - Game world initialized
03:03:59.995 [FXGL Background Thread 1 ] DEBUG PhysicsWorld         - Physics world initialized: appHeight=540, physics.ppm=50.0
03:03:59.996 [FXGL Background Thread 1 ] DEBUG PhysicsWorld         - Using strategy: BRUTE_FORCE
03:03:59.998 [FXGL Background Thread 1 ] DEBUG GameScene            - Game scene initialized: 960x540
03:03:59.999 [FXGL Background Thread 1 ] DEBUG GameApplicationServi - Application scenes initialized
03:04:00.006 [FXGL Background Thread 1 ] DEBUG SystemBundleService  - Loading FXGL system data
03:04:00.007 [FXGL Background Thread 1 ] DEBUG FileSystemAccess     - Reading from: /Users/rain/Desktop/Project/CardGame/system/fxgl.bundle
03:04:00.010 [FXGL Background Thread 1 ] DEBUG SystemBundleService  - Bundle FXGL: {}
03:04:00.010 [FXGL Background Thread 1 ] DEBUG UpdaterService       - Checking for updates
03:04:00.017 [FXGL Background Thread 4 ] DEBUG FXGLApplication      - Loading fonts
03:04:00.017 [FXGL Background Thread 1 ] DEBUG FXGLApplication      - Loading default localization
03:04:00.017 [FXGL Background Thread 4 ] DEBUG FXGLAssetLoaderServi - Loading from file system: jar:file:/Users/rain/.m2/repository/com/github/almasb/fxgl/21.1/fxgl-21.1.jar!/fxglassets/ui/fonts/VarelaRound-Regular.ttf
03:04:00.018 [FXGL Background Thread 1 ] DEBUG FXGLAssetLoaderServi - Loading from file system: jar:file:/Users/rain/.m2/repository/com/github/almasb/fxgl/21.1/fxgl-21.1.jar!/fxglassets/languages/english.lang
03:04:00.027 [FXGL Background Thread 1 ] INFO  FXGLApplication      - FXGL initialization took: 0.201 sec
03:04:00.029 [FXGL Background Thread 4 ] DEBUG FXGLAssetLoaderServi - Loading from file system: jar:file:/Users/rain/.m2/repository/com/github/almasb/fxgl/21.1/fxgl-21.1.jar!/fxglassets/ui/fonts/Abel-Regular.ttf
03:04:00.031 [JavaFX Application Thread] DEBUG Input                - Registered new binding: Move Up - W
03:04:00.031 [FXGL Background Thread 4 ] DEBUG FXGLAssetLoaderServi - Loading from file system: jar:file:/Users/rain/.m2/repository/com/github/almasb/fxgl/21.1/fxgl-21.1.jar!/fxglassets/ui/fonts/TerminalLandMono-Regular.otf
03:04:00.031 [JavaFX Application Thread] DEBUG Input                - Registered new binding: Move Down - S
03:04:00.031 [JavaFX Application Thread] DEBUG Input                - Registered new binding: Move Left - A
03:04:00.031 [JavaFX Application Thread] DEBUG Input                - Registered new binding: Move Right - D
03:04:00.032 [JavaFX Application Thread] DEBUG FXGLAssetLoaderServi - Loading from file system: jar:file:/Users/rain/.m2/repository/com/github/almasb/fxgl/21.1/fxgl-21.1.jar!/fxglassets/textures/fxgl_icon.png
03:04:00.034 [FXGL Background Thread 4 ] DEBUG FXGLAssetLoaderServi - Loading from file system: jar:file:/Users/rain/.m2/repository/com/github/almasb/fxgl/21.1/fxgl-21.1.jar!/fxglassets/ui/fonts/Courier-Prime.ttf
03:04:00.055 [JavaFX Application Thread] DEBUG FXGLAssetLoaderServi - Loading from file system: jar:file:/Users/rain/.m2/repository/com/github/almasb/fxgl/21.1/fxgl-21.1.jar!/fxglassets/textures/fxgl_default_cursor.png
03:04:00.056 [JavaFX Application Thread] DEBUG Input                - Registered new binding: Screenshot - CTRL+8
03:04:00.056 [JavaFX Application Thread] DEBUG Input                - Registered new binding: System info dump - CTRL+9
03:04:00.056 [JavaFX Application Thread] DEBUG Input                - Registered new binding: Restart - CTRL+R
03:04:00.056 [JavaFX Application Thread] DEBUG Input                - Registered new binding: Toggle Debug Camera - CTRL+7
03:04:00.057 [JavaFX Application Thread] DEBUG LoopRunner           - Starting loop
03:04:00.057 [JavaFX Application Thread] DEBUG LoopRunner           - Initializing JavaFX AnimationTimerLoop
03:04:00.057 [JavaFX Application Thread] DEBUG GameApplicationServi - Starting new game
03:04:00.058 [JavaFX Application Thread] DEBUG Input                - Clearing active input actions
03:04:00.061 [JavaFX Application Thread] DEBUG GameApplicationServi - Removing overlay from FXGLStartupScene and adding to FXGLLoadingScene
03:04:00.061 [JavaFX Application Thread] DEBUG PrimaryStageWindow   - FXGLStartupScene -> FXGLLoadingScene
03:04:00.061 [JavaFX Application Thread] DEBUG GameApplicationServi - Clearing previous game
03:04:00.061 [JavaFX Application Thread] DEBUG GameScene            - Clearing game scene
03:04:00.061 [JavaFX Application Thread] DEBUG GameWorld            - Clearing game world
03:04:00.061 [JavaFX Application Thread] DEBUG PhysicsWorld         - Clearing physics world
03:04:00.062 [FXGL Background Thread 4 ] DEBUG FXGLApplication      - Initializing game
03:04:00.064 [JavaFX Application Thread] DEBUG FXGLApplication      - Registering font factories with UI factory
03:04:00.065 [FXGL Background Thread 4 ] INFO  FXGLApplication      - Game initialization took: 0.003 sec
03:04:00.066 [ClientAsyncConnThread    ] DEBUG TCPClient            - Connecting to localhost:2263 type: class com.almasb.fxgl.core.serialization.Bundle
03:04:00.069 [ClientAsyncConnThread    ] DEBUG TCPClient            - Created socket to localhost:2263
03:04:00.071 [ClientAsyncConnThread    ] DEBUG Endpoint             - TCPClient opening new connection (1) from localhost/127.0.0.1:2263 type: class com.almasb.fxgl.core.serialization.Bundle
03:04:00.073 [ClientAsyncConnThread    ] DEBUG Endpoint             - TCPClient successfully opened connection (1)
03:04:00.078 [TCPClient_RecvThread-1   ] DEBUG Readers              - Getting TCPMessageReader for class com.almasb.fxgl.core.serialization.Bundle
03:04:00.078 [TCPClient_SendThread-1   ] DEBUG Writers              - Getting TCPMessageWriter for class com.almasb.fxgl.core.serialization.Bundle
03:04:00.080 [TCPClient_SendThread-1   ] DEBUG Writers              - Constructed TCPMessageWriter for class com.almasb.fxgl.core.serialization.Bundle: BundleTCPMessageWriter
03:04:00.085 [JavaFX Application Thread] DEBUG Input                - Clearing active input actions
03:04:00.089 [JavaFX Application Thread] DEBUG GameApplicationServi - Removing overlay from FXGLLoadingScene and adding to GameScene
03:04:00.089 [JavaFX Application Thread] DEBUG PrimaryStageWindow   - FXGLLoadingScene -> GameScene
03:04:00.251 [TCPClient_RecvThread-1   ] DEBUG Readers              - Constructed MessageReader for class com.almasb.fxgl.core.serialization.Bundle: BundleTCPMessageReader
03:04:03.013 [FXGL Background Thread 3 ] DEBUG Engine               - Logging environment variables
03:04:03.013 [FXGL Background Thread 3 ] DEBUG Engine               - achievements: []
03:04:03.013 [FXGL Background Thread 3 ] DEBUG Engine               - actualHeight: 540.0
03:04:03.013 [FXGL Background Thread 3 ] DEBUG Engine               - actualHeightProperty: ReadOnlyDoubleProperty [value: 540.0]
03:04:03.013 [FXGL Background Thread 3 ] DEBUG Engine               - actualWidth: 960.0
03:04:03.014 [FXGL Background Thread 3 ] DEBUG Engine               - actualWidthProperty: ReadOnlyDoubleProperty [value: 960.0]
03:04:03.014 [FXGL Background Thread 3 ] DEBUG Engine               - appIcon: fxgl_icon.png
03:04:03.014 [FXGL Background Thread 3 ] DEBUG Engine               - applicationMode: DEVELOPER
03:04:03.014 [FXGL Background Thread 3 ] DEBUG Engine               - cSSList: [fxgl_dark.css]
03:04:03.014 [FXGL Background Thread 3 ] DEBUG Engine               - collisionDetectionStrategy: BRUTE_FORCE
03:04:03.014 [FXGL Background Thread 3 ] DEBUG Engine               - configClass: Optional.empty
03:04:03.014 [FXGL Background Thread 3 ] DEBUG Engine               - credits: []
03:04:03.015 [FXGL Background Thread 3 ] DEBUG Engine               - defaultCursor: CursorInfo(imageName=fxgl_default_cursor.png, hotspotX=7.0, hotspotY=6.0)
03:04:03.015 [FXGL Background Thread 3 ] DEBUG Engine               - devBBoxColorProperty: ObjectProperty [value: 0xff0000ff]
03:04:03.016 [FXGL Background Thread 3 ] DEBUG Engine               - devEnableDebugCameraProperty: BooleanProperty [value: false]
03:04:03.016 [FXGL Background Thread 3 ] DEBUG Engine               - devSensorColorProperty: ObjectProperty [value: 0xffff00ff]
03:04:03.016 [FXGL Background Thread 3 ] DEBUG Engine               - devShowBBoxProperty: BooleanProperty [value: false]
03:04:03.016 [FXGL Background Thread 3 ] DEBUG Engine               - devShowPositionProperty: BooleanProperty [value: false]
03:04:03.016 [FXGL Background Thread 3 ] DEBUG Engine               - enabledMenuItems: []
03:04:03.016 [FXGL Background Thread 3 ] DEBUG Engine               - engineServices: [class com.almasb.fxgl.app.services.FXGLAssetLoaderService, class com.almasb.fxgl.app.FXGLApplication$GameApplicationService, class com.almasb.fxgl.app.services.FXGLDialogService, class com.almasb.fxgl.app.services.IOTaskExecutorService, class com.almasb.fxgl.io.FileSystemService, class com.almasb.fxgl.localization.LocalizationService, class com.almasb.fxgl.app.services.SystemBundleService, class com.almasb.fxgl.profile.SaveLoadService, class com.almasb.fxgl.ui.FXGLUIFactoryServiceProvider, class com.almasb.fxgl.ui.FXGLDialogFactoryServiceProvider, class com.almasb.fxgl.audio.AudioPlayer, class com.almasb.fxgl.notification.impl.NotificationServiceProvider, class com.almasb.fxgl.achievement.AchievementService, class com.almasb.fxgl.cutscene.CutsceneService, class com.almasb.fxgl.minigames.MiniGameService, class com.almasb.fxgl.net.NetService, class com.almasb.fxgl.app.services.UpdaterService, class com.almasb.fxgl.dev.DevService]
03:04:03.016 [FXGL Background Thread 3 ] DEBUG Engine               - fontGame: Abel-Regular.ttf
03:04:03.016 [FXGL Background Thread 3 ] DEBUG Engine               - fontMono: TerminalLandMono-Regular.otf
03:04:03.016 [FXGL Background Thread 3 ] DEBUG Engine               - fontSizeScaleUI: 1.0
03:04:03.016 [FXGL Background Thread 3 ] DEBUG Engine               - fontText: Courier-Prime.ttf
03:04:03.016 [FXGL Background Thread 3 ] DEBUG Engine               - fontUI: VarelaRound-Regular.ttf
03:04:03.016 [FXGL Background Thread 3 ] DEBUG Engine               - fullScreen: BooleanProperty [value: false]
03:04:03.016 [FXGL Background Thread 3 ] DEBUG Engine               - gameDifficulty: MEDIUM
03:04:03.016 [FXGL Background Thread 3 ] DEBUG Engine               - gameDifficultyProperty: ObjectProperty [value: MEDIUM]
03:04:03.016 [FXGL Background Thread 3 ] DEBUG Engine               - globalMusicVolume: 0.5
03:04:03.016 [FXGL Background Thread 3 ] DEBUG Engine               - globalMusicVolumeProperty: DoubleProperty [value: 0.5]
03:04:03.016 [FXGL Background Thread 3 ] DEBUG Engine               - globalSoundVolume: 0.5
03:04:03.016 [FXGL Background Thread 3 ] DEBUG Engine               - globalSoundVolumeProperty: DoubleProperty [value: 0.5]
03:04:03.016 [FXGL Background Thread 3 ] DEBUG Engine               - height: 540
03:04:03.016 [FXGL Background Thread 3 ] DEBUG Engine               - is3D: false
03:04:03.016 [FXGL Background Thread 3 ] DEBUG Engine               - isAndroid: false
03:04:03.016 [FXGL Background Thread 3 ] DEBUG Engine               - isBrowser: false
03:04:03.016 [FXGL Background Thread 3 ] DEBUG Engine               - isClickFeedbackEnabled: false
03:04:03.016 [FXGL Background Thread 3 ] DEBUG Engine               - isCloseConfirmation: false
03:04:03.016 [FXGL Background Thread 3 ] DEBUG Engine               - isDesktop: true
03:04:03.016 [FXGL Background Thread 3 ] DEBUG Engine               - isDeveloperMenuEnabled: false
03:04:03.017 [FXGL Background Thread 3 ] DEBUG Engine               - isEmbedded: false
03:04:03.017 [FXGL Background Thread 3 ] DEBUG Engine               - isEntityPreloadEnabled: true
03:04:03.017 [FXGL Background Thread 3 ] DEBUG Engine               - isExperimentalTiledLargeMap: false
03:04:03.017 [FXGL Background Thread 3 ] DEBUG Engine               - isFileSystemWriteAllowed: true
03:04:03.017 [FXGL Background Thread 3 ] DEBUG Engine               - isFullScreenAllowed: false
03:04:03.017 [FXGL Background Thread 3 ] DEBUG Engine               - isFullScreenFromStart: false
03:04:03.017 [FXGL Background Thread 3 ] DEBUG Engine               - isGameMenuEnabled: false
03:04:03.017 [FXGL Background Thread 3 ] DEBUG Engine               - isIOS: false
03:04:03.017 [FXGL Background Thread 3 ] DEBUG Engine               - isIntroEnabled: false
03:04:03.017 [FXGL Background Thread 3 ] DEBUG Engine               - isLinux: false
03:04:03.017 [FXGL Background Thread 3 ] DEBUG Engine               - isMac: true
03:04:03.017 [FXGL Background Thread 3 ] DEBUG Engine               - isMainMenuEnabled: false
03:04:03.017 [FXGL Background Thread 3 ] DEBUG Engine               - isManualResizeEnabled: false
03:04:03.017 [FXGL Background Thread 3 ] DEBUG Engine               - isMobile: false
03:04:03.017 [FXGL Background Thread 3 ] DEBUG Engine               - isNative: false
03:04:03.017 [FXGL Background Thread 3 ] DEBUG Engine               - isPauseMusicWhenMinimized: true
03:04:03.017 [FXGL Background Thread 3 ] DEBUG Engine               - isPreserveResizeRatio: false
03:04:03.017 [FXGL Background Thread 3 ] DEBUG Engine               - isProfilingEnabled: false
03:04:03.017 [FXGL Background Thread 3 ] DEBUG Engine               - isScaleAffectedOnResize: true
03:04:03.017 [FXGL Background Thread 3 ] DEBUG Engine               - isSingleStep: false
03:04:03.017 [FXGL Background Thread 3 ] DEBUG Engine               - isUserProfileEnabled: false
03:04:03.017 [FXGL Background Thread 3 ] DEBUG Engine               - isWindows: false
03:04:03.017 [FXGL Background Thread 3 ] DEBUG Engine               - language: ObjectProperty [value: ENGLISH]
03:04:03.017 [FXGL Background Thread 3 ] DEBUG Engine               - menuKey: ESCAPE
03:04:03.017 [FXGL Background Thread 3 ] DEBUG Engine               - mouseSensitivity: 0.2
03:04:03.017 [FXGL Background Thread 3 ] DEBUG Engine               - notificationViewClass: class com.almasb.fxgl.notification.view.XboxNotificationView
03:04:03.017 [FXGL Background Thread 3 ] DEBUG Engine               - pixelsPerMeter: 50.0
03:04:03.017 [FXGL Background Thread 3 ] DEBUG Engine               - platform: MAC
03:04:03.017 [FXGL Background Thread 3 ] DEBUG Engine               - prefHeightProperty: ReadOnlyDoubleProperty [value: 540.0]
03:04:03.017 [FXGL Background Thread 3 ] DEBUG Engine               - prefWidthProperty: ReadOnlyDoubleProperty [value: 960.0]
03:04:03.017 [FXGL Background Thread 3 ] DEBUG Engine               - profileDir: profiles/
03:04:03.017 [FXGL Background Thread 3 ] DEBUG Engine               - profileName: StringProperty [value: DEFAULT]
03:04:03.017 [FXGL Background Thread 3 ] DEBUG Engine               - randomSeed: -1
03:04:03.017 [FXGL Background Thread 3 ] DEBUG Engine               - runtimeInfo: RuntimeInfo(platform=MAC, version=21.1, build=27.03.2024 07.52)
03:04:03.017 [FXGL Background Thread 3 ] DEBUG Engine               - saveFileExt: sav
03:04:03.017 [FXGL Background Thread 3 ] DEBUG Engine               - scaledHeightProp$fxgl: DoubleProperty [bound, value: 540.0]
03:04:03.017 [FXGL Background Thread 3 ] DEBUG Engine               - scaledWidthProp$fxgl: DoubleProperty [bound, value: 960.0]
03:04:03.017 [FXGL Background Thread 3 ] DEBUG Engine               - sceneFactory: com.almasb.fxgl.app.scene.SceneFactory@3f970623
03:04:03.017 [FXGL Background Thread 3 ] DEBUG Engine               - secondsIn24h: 60
03:04:03.017 [FXGL Background Thread 3 ] DEBUG Engine               - soundMenuBack: menu/back.wav
03:04:03.017 [FXGL Background Thread 3 ] DEBUG Engine               - soundMenuPress: menu/press.wav
03:04:03.017 [FXGL Background Thread 3 ] DEBUG Engine               - soundMenuSelect: menu/select.wav
03:04:03.017 [FXGL Background Thread 3 ] DEBUG Engine               - soundNotification: core/notification.wav
03:04:03.017 [FXGL Background Thread 3 ] DEBUG Engine               - stageStyle: DECORATED
03:04:03.017 [FXGL Background Thread 3 ] DEBUG Engine               - supportedLanguages: [ENGLISH, FRENCH, GERMAN, HUNGARIAN, RUSSIAN]
03:04:03.017 [FXGL Background Thread 3 ] DEBUG Engine               - ticksPerSecond: -1
03:04:03.017 [FXGL Background Thread 3 ] DEBUG Engine               - title: 卡牌游戏
03:04:03.017 [FXGL Background Thread 3 ] DEBUG Engine               - urlGithub: https://github.com/AlmasB/FXGL
03:04:03.017 [FXGL Background Thread 3 ] DEBUG Engine               - urlLeaderboard: http://fxgl-top.herokuapp.com/
03:04:03.017 [FXGL Background Thread 3 ] DEBUG Engine               - urlPOM: https://raw.githubusercontent.com/AlmasB/FXGL/release/README.md
03:04:03.017 [FXGL Background Thread 3 ] DEBUG Engine               - userAppClass: class cc.ranmc.game.card.client.Main
03:04:03.017 [FXGL Background Thread 3 ] DEBUG Engine               - version: Alpha 0.1
03:04:03.017 [FXGL Background Thread 3 ] DEBUG Engine               - versionCheckDays: 7
03:04:03.017 [FXGL Background Thread 3 ] DEBUG Engine               - width: 960
03:04:03.017 [FXGL Background Thread 3 ] DEBUG Engine               - Logging services
03:04:03.017 [FXGL Background Thread 3 ] DEBUG Engine               - class com.almasb.fxgl.app.services.FXGLAssetLoaderService
03:04:03.017 [FXGL Background Thread 3 ] DEBUG Engine               - class com.almasb.fxgl.app.FXGLApplication$GameApplicationService
03:04:03.017 [FXGL Background Thread 3 ] DEBUG Engine               - class com.almasb.fxgl.app.services.FXGLDialogService
03:04:03.017 [FXGL Background Thread 3 ] DEBUG Engine               - class com.almasb.fxgl.app.services.IOTaskExecutorService
03:04:03.017 [FXGL Background Thread 3 ] DEBUG Engine               - class com.almasb.fxgl.io.FileSystemService
03:04:03.017 [FXGL Background Thread 3 ] DEBUG Engine               - class com.almasb.fxgl.localization.LocalizationService
03:04:03.017 [FXGL Background Thread 3 ] DEBUG Engine               - class com.almasb.fxgl.app.services.SystemBundleService
03:04:03.017 [FXGL Background Thread 3 ] DEBUG Engine               - class com.almasb.fxgl.profile.SaveLoadService
03:04:03.018 [FXGL Background Thread 3 ] DEBUG Engine               - class com.almasb.fxgl.ui.FXGLUIFactoryServiceProvider
03:04:03.018 [FXGL Background Thread 3 ] DEBUG Engine               - class com.almasb.fxgl.ui.FXGLDialogFactoryServiceProvider
03:04:03.018 [FXGL Background Thread 3 ] DEBUG Engine               - class com.almasb.fxgl.audio.AudioPlayer
03:04:03.018 [FXGL Background Thread 3 ] DEBUG Engine               - class com.almasb.fxgl.notification.impl.NotificationServiceProvider
03:04:03.018 [FXGL Background Thread 3 ] DEBUG Engine               - class com.almasb.fxgl.achievement.AchievementService
03:04:03.018 [FXGL Background Thread 3 ] DEBUG Engine               - class com.almasb.fxgl.cutscene.CutsceneService
03:04:03.018 [FXGL Background Thread 3 ] DEBUG Engine               - class com.almasb.fxgl.minigames.MiniGameService
03:04:03.018 [FXGL Background Thread 3 ] DEBUG Engine               - class com.almasb.fxgl.net.NetService
03:04:03.018 [FXGL Background Thread 3 ] DEBUG Engine               - class com.almasb.fxgl.app.services.UpdaterService
03:04:03.018 [FXGL Background Thread 3 ] DEBUG Engine               - class com.almasb.fxgl.dev.DevService
03:04:05.130 [TCPClient_RecvThread-1   ] DEBUG Endpoint             - Connection 1 was unexpectedly disconnected: Connection reset
03:04:05.131 [TCPClient_RecvThread-1   ] DEBUG Connection           - Closing connection 1
03:04:05.134 [TCPClient_RecvThread-1   ] DEBUG Connection           - Connection 1 was correctly closed from local endpoint.
03:04:05.134 [TCPClient_RecvThread-1   ] DEBUG Endpoint             - TCPClient connection (1) was closed
03:04:05.136 [TCPClient_SendThread-1   ] WARN  Endpoint             - TCPClient_SendThread-1 crashed
java.net.SocketException: Socket closed
	at java.base/sun.nio.ch.NioSocketImpl.ensureOpenAndConnected(NioSocketImpl.java:162)
	at java.base/sun.nio.ch.NioSocketImpl.beginWrite(NioSocketImpl.java:370)
	at java.base/sun.nio.ch.NioSocketImpl.implWrite(NioSocketImpl.java:415)
	at java.base/sun.nio.ch.NioSocketImpl.write(NioSocketImpl.java:448)
	at java.base/sun.nio.ch.NioSocketImpl$2.write(NioSocketImpl.java:821)
	at java.base/java.net.Socket$SocketOutputStream.implWrite(Socket.java:1086)
	at java.base/java.net.Socket$SocketOutputStream.write(Socket.java:1076)
	at java.base/java.io.ObjectOutputStream$BlockDataOutputStream.drain(ObjectOutputStream.java:1765)
	at java.base/java.io.ObjectOutputStream$BlockDataOutputStream.setBlockDataMode(ObjectOutputStream.java:1674)
	at java.base/java.io.ObjectOutputStream.writeNonProxyDesc(ObjectOutputStream.java:1178)
	at java.base/java.io.ObjectOutputStream.writeClassDesc(ObjectOutputStream.java:1132)
	at java.base/java.io.ObjectOutputStream.writeOrdinaryObject(ObjectOutputStream.java:1309)
	at java.base/java.io.ObjectOutputStream.writeObject0(ObjectOutputStream.java:1079)
	at java.base/java.io.ObjectOutputStream.writeFatalException(ObjectOutputStream.java:1481)
	at java.base/java.io.ObjectOutputStream.writeObject(ObjectOutputStream.java:328)
	at com.almasb.fxgl.net.BundleTCPMessageWriter.write(Writers.kt:98)
	at com.almasb.fxgl.net.BundleTCPMessageWriter.write(Writers.kt:93)
	at com.almasb.fxgl.net.Endpoint.lambda$openTCPConnection$2(Endpoint.java:80)
	at java.base/java.lang.Thread.run(Thread.java:1474)

03:04:05.143 [JavaFX Application Thread] DEBUG LoopRunner           - Stopping loop
03:04:05.143 [JavaFX Application Thread] FATAL FXGLApplication      - Uncaught Exception:
java.lang.IllegalArgumentException: Children: duplicate children added: parent = TextFlow@7f04df9b
	at javafx.scene.Parent$3.onProposedChange(Parent.java:562)
	at com.sun.javafx.collections.VetoableListDecorator.clear(VetoableListDecorator.java:302)
	at com.almasb.fxgl.ui.MDIWindow.updateTitle(MDIWindow.kt:162)
	at com.almasb.fxgl.ui.MDIWindow.setTitle(MDIWindow.kt:153)
	at com.almasb.fxgl.app.services.FXGLDialogService.show(FXGLDialogService.kt:90)
	at com.almasb.fxgl.app.services.FXGLDialogService.showConfirmationBox(FXGLDialogService.kt:133)
	at cc.ranmc.game.card.client.Main.onUpdate(GameClient.java:113)
	at com.almasb.fxgl.app.FXGLApplication$GameApplicationService.onGameUpdate(FXGLApplication.kt:440)
	at com.almasb.fxgl.app.Engine.onGameUpdate(Engine.kt:138)
	at com.almasb.fxgl.app.FXGLApplication.postServicesInit$lambda$7(FXGLApplication.kt:184)
	at com.almasb.fxgl.scene.Scene.update(Scene.kt:113)
	at com.almasb.fxgl.app.MainWindow$update$1.invoke(MainWindow.kt:121)
	at com.almasb.fxgl.app.MainWindow$update$1.invoke(MainWindow.kt:121)
	at com.almasb.fxgl.core.fsm.StateMachine.runOnActiveStates(StateMachine.kt:69)
	at com.almasb.fxgl.app.MainWindow.update(MainWindow.kt:121)
	at com.almasb.fxgl.app.FXGLApplication$GameApplicationService.onUpdate(FXGLApplication.kt:445)
	at com.almasb.fxgl.app.Engine.loop(Engine.kt:134)
	at com.almasb.fxgl.app.Engine.access$loop(Engine.kt:24)
	at com.almasb.fxgl.app.Engine$loop$1.invoke(Engine.kt:28)
	at com.almasb.fxgl.app.Engine$loop$1.invoke(Engine.kt:28)
	at com.almasb.fxgl.app.LoopRunner.frame(LoopRunner.kt:103)
	at com.almasb.fxgl.app.LoopRunner.access$frame(LoopRunner.kt:23)
	at com.almasb.fxgl.app.LoopRunner$impl$2$1.onTick(LoopRunner.kt:57)
	at com.almasb.fxgl.app.AnimationTimerLoop$timer$1.handle(LoopRunner.kt:137)
	at javafx.animation.AnimationTimer$AnimationTimerReceiver.lambda$handle$0(AnimationTimer.java:58)
	at java.base/java.security.AccessController.doPrivileged(AccessController.java:138)
	at javafx.animation.AnimationTimer$AnimationTimerReceiver.handle(AnimationTimer.java:57)
	at com.sun.scenario.animation.AbstractPrimaryTimer.timePulseImpl(AbstractPrimaryTimer.java:356)
	at com.sun.scenario.animation.AbstractPrimaryTimer$MainLoop.run(AbstractPrimaryTimer.java:266)
	at com.sun.javafx.tk.quantum.QuantumToolkit.pulse(QuantumToolkit.java:588)
	at com.sun.javafx.tk.quantum.QuantumToolkit.pulse(QuantumToolkit.java:572)
	at com.sun.javafx.tk.quantum.QuantumToolkit.pulseFromQueue(QuantumToolkit.java:565)
	at com.sun.javafx.tk.quantum.QuantumToolkit.lambda$runToolkit$11(QuantumToolkit.java:352)
	at com.sun.glass.ui.InvokeLaterDispatcher$Future.run(InvokeLaterDispatcher.java:95)

03:04:05.143 [JavaFX Application Thread] FATAL FXGLApplication      - Application will now exit
03:04:05.148 [JavaFX Application Thread] DEBUG PrimaryStageWindow   - Push state: ErrorSubScene
03:04:05.148 [JavaFX Application Thread] DEBUG Input                - Clearing active input actions
03:04:05.150 [JavaFX Application Thread] DEBUG GameApplicationServi - Removing overlay from GameScene and adding to ErrorSubScene
03:04:05.150 [JavaFX Application Thread] DEBUG PrimaryStageWindow   - GameScene -> ErrorSubScene
03:04:10.196 [JavaFX Application Thread] DEBUG FXGLApplication      - Exiting FXGL
03:04:10.196 [JavaFX Application Thread] DEBUG Async                - Shutting down background threads
03:04:10.196 [JavaFX Application Thread] DEBUG PrimaryStageWindow   - Closing main window
03:04:10.202 [JavaFX Application Thread] DEBUG Logger               - Closing Logger
