03:01:51.469 [main                     ] DEBUG Logger               - Configured Logger
03:01:51.475 [main                     ] DEBUG GameApplication      - Logging settings
Title: 卡牌游戏
Version: Alpha 0.1
Width: 960
Height: 540
Fullscreen: false
Intro: false
Profiling: false
Single step:false
App Mode: DEVELOPER
Menu Key: ESCAPE
Stage Style: DECORATED
Scene Factory: class com.almasb.fxgl.app.scene.SceneFactory

03:01:51.687 [JavaFX Application Thread] DEBUG FXGLApplication      - Initializing FXGL
03:01:51.688 [JavaFX Application Thread] INFO  Engine               - FXGL-21.1 (27.03.2024 07.52) on MAC (J:25 FX:21.0.1)
03:01:51.688 [JavaFX Application Thread] DEBUG Engine               - JRE Vendor Name: Azul Systems, Inc.
03:01:51.688 [JavaFX Application Thread] DEBUG Engine               - Running on OS: Mac OS X version 26.1
03:01:51.688 [JavaFX Application Thread] DEBUG Engine               - Architecture: aarch64
03:01:51.688 [JavaFX Application Thread] INFO  Engine               - Source code and latest versions at: https://github.com/AlmasB/FXGL
03:01:51.688 [JavaFX Application Thread] INFO  Engine               -       Ask questions and discuss at: https://github.com/AlmasB/FXGL/discussions
03:01:51.688 [JavaFX Application Thread] INFO  Engine               -              Join the FXGL chat at: https://gitter.im/AlmasB/FXGL
03:01:51.723 [JavaFX Application Thread] DEBUG PrimaryStageWindow   - Creating a JavaFX scene
03:01:51.739 [JavaFX Application Thread] DEBUG PrimaryStageWindow   - Target settings size: 960.0 x 540.0
03:01:51.740 [JavaFX Application Thread] DEBUG PrimaryStageWindow   - Scaled scene size:    960.0 x 540.0
03:01:51.740 [JavaFX Application Thread] DEBUG PrimaryStageWindow   - Scaled ratio: (1.0, 1.0)
03:01:51.740 [JavaFX Application Thread] DEBUG PrimaryStageWindow   - Set initial scene to FXGLStartupScene
03:01:51.741 [JavaFX Application Thread] DEBUG PrimaryStageWindow   - Opening main window
03:01:51.799 [JavaFX Application Thread] DEBUG PrimaryStageWindow   - Window border size: (0.0, 28.0)
03:01:51.800 [JavaFX Application Thread] DEBUG PrimaryStageWindow   - Scaled size: 960.0 x 540.0
03:01:51.800 [JavaFX Application Thread] DEBUG PrimaryStageWindow   - Scaled ratio: (1.0, 1.0)
03:01:51.800 [JavaFX Application Thread] DEBUG PrimaryStageWindow   - Scene size: 960.0 x 540.0
03:01:51.800 [JavaFX Application Thread] DEBUG PrimaryStageWindow   - Stage size: 960.0 x 568.0
03:01:51.804 [FXGL Background Thread 1 ] DEBUG Engine               - Initializing environment variables
03:01:51.842 [FXGL Background Thread 1 ] DEBUG FXGLAssetLoaderServi - User app class for loading assets: class cc.ranmc.game.card.client.Main
03:01:51.842 [FXGL Background Thread 1 ] DEBUG GameApplicationServi - Applying CSS: fxgl_dark.css
03:01:51.843 [FXGL Background Thread 1 ] DEBUG FXGLAssetLoaderServi - Loading from file system: jar:file:/Users/rain/.m2/repository/com/github/almasb/fxgl/21.1/fxgl-21.1.jar!/fxglassets/ui/css/fxgl_dark.css
03:01:51.868 [FXGL Background Thread 1 ] DEBUG GameApplicationServi - Initializing application scenes
03:01:51.955 [FXGL Background Thread 1 ] DEBUG GameWorld            - Game world initialized
03:01:51.974 [FXGL Background Thread 1 ] DEBUG PhysicsWorld         - Physics world initialized: appHeight=540, physics.ppm=50.0
03:01:51.975 [FXGL Background Thread 1 ] DEBUG PhysicsWorld         - Using strategy: BRUTE_FORCE
03:01:51.977 [FXGL Background Thread 1 ] DEBUG GameScene            - Game scene initialized: 960x540
03:01:51.977 [FXGL Background Thread 1 ] DEBUG GameApplicationServi - Application scenes initialized
03:01:51.983 [FXGL Background Thread 1 ] DEBUG SystemBundleService  - Loading FXGL system data
03:01:51.985 [FXGL Background Thread 1 ] DEBUG FileSystemAccess     - Reading from: /Users/rain/Desktop/Project/CardGame/system/fxgl.bundle
03:01:51.988 [FXGL Background Thread 1 ] DEBUG SystemBundleService  - Bundle FXGL: {}
03:01:51.988 [FXGL Background Thread 1 ] DEBUG UpdaterService       - Checking for updates
03:01:51.990 [FXGL Background Thread 4 ] DEBUG FXGLApplication      - Loading fonts
03:01:51.991 [FXGL Background Thread 1 ] DEBUG FXGLApplication      - Loading default localization
03:01:51.991 [FXGL Background Thread 4 ] DEBUG FXGLAssetLoaderServi - Loading from file system: jar:file:/Users/rain/.m2/repository/com/github/almasb/fxgl/21.1/fxgl-21.1.jar!/fxglassets/ui/fonts/VarelaRound-Regular.ttf
03:01:51.991 [FXGL Background Thread 1 ] DEBUG FXGLAssetLoaderServi - Loading from file system: jar:file:/Users/rain/.m2/repository/com/github/almasb/fxgl/21.1/fxgl-21.1.jar!/fxglassets/languages/english.lang
03:01:52.005 [FXGL Background Thread 1 ] INFO  FXGLApplication      - FXGL initialization took: 0.201 sec
03:01:52.006 [FXGL Background Thread 4 ] DEBUG FXGLAssetLoaderServi - Loading from file system: jar:file:/Users/rain/.m2/repository/com/github/almasb/fxgl/21.1/fxgl-21.1.jar!/fxglassets/ui/fonts/Abel-Regular.ttf
03:01:52.008 [FXGL Background Thread 4 ] DEBUG FXGLAssetLoaderServi - Loading from file system: jar:file:/Users/rain/.m2/repository/com/github/almasb/fxgl/21.1/fxgl-21.1.jar!/fxglassets/ui/fonts/TerminalLandMono-Regular.otf
03:01:52.009 [JavaFX Application Thread] DEBUG Input                - Registered new binding: Move Up - W
03:01:52.009 [JavaFX Application Thread] DEBUG Input                - Registered new binding: Move Down - S
03:01:52.009 [JavaFX Application Thread] DEBUG Input                - Registered new binding: Move Left - A
03:01:52.009 [JavaFX Application Thread] DEBUG Input                - Registered new binding: Move Right - D
03:01:52.009 [JavaFX Application Thread] DEBUG FXGLAssetLoaderServi - Loading from file system: jar:file:/Users/rain/.m2/repository/com/github/almasb/fxgl/21.1/fxgl-21.1.jar!/fxglassets/textures/fxgl_icon.png
03:01:52.010 [FXGL Background Thread 4 ] DEBUG FXGLAssetLoaderServi - Loading from file system: jar:file:/Users/rain/.m2/repository/com/github/almasb/fxgl/21.1/fxgl-21.1.jar!/fxglassets/ui/fonts/Courier-Prime.ttf
03:01:52.029 [JavaFX Application Thread] DEBUG FXGLAssetLoaderServi - Loading from file system: jar:file:/Users/rain/.m2/repository/com/github/almasb/fxgl/21.1/fxgl-21.1.jar!/fxglassets/textures/fxgl_default_cursor.png
03:01:52.030 [JavaFX Application Thread] DEBUG Input                - Registered new binding: Screenshot - CTRL+8
03:01:52.030 [JavaFX Application Thread] DEBUG Input                - Registered new binding: System info dump - CTRL+9
03:01:52.030 [JavaFX Application Thread] DEBUG Input                - Registered new binding: Restart - CTRL+R
03:01:52.031 [JavaFX Application Thread] DEBUG Input                - Registered new binding: Toggle Debug Camera - CTRL+7
03:01:52.031 [JavaFX Application Thread] DEBUG LoopRunner           - Starting loop
03:01:52.031 [JavaFX Application Thread] DEBUG LoopRunner           - Initializing JavaFX AnimationTimerLoop
03:01:52.032 [JavaFX Application Thread] DEBUG GameApplicationServi - Starting new game
03:01:52.032 [JavaFX Application Thread] DEBUG Input                - Clearing active input actions
03:01:52.036 [JavaFX Application Thread] DEBUG GameApplicationServi - Removing overlay from FXGLStartupScene and adding to FXGLLoadingScene
03:01:52.036 [JavaFX Application Thread] DEBUG PrimaryStageWindow   - FXGLStartupScene -> FXGLLoadingScene
03:01:52.036 [JavaFX Application Thread] DEBUG GameApplicationServi - Clearing previous game
03:01:52.036 [JavaFX Application Thread] DEBUG GameScene            - Clearing game scene
03:01:52.036 [JavaFX Application Thread] DEBUG GameWorld            - Clearing game world
03:01:52.036 [JavaFX Application Thread] DEBUG PhysicsWorld         - Clearing physics world
03:01:52.037 [FXGL Background Thread 4 ] DEBUG FXGLApplication      - Initializing game
03:01:52.039 [JavaFX Application Thread] DEBUG FXGLApplication      - Registering font factories with UI factory
03:01:52.040 [FXGL Background Thread 4 ] INFO  FXGLApplication      - Game initialization took: 0.003 sec
03:01:52.059 [JavaFX Application Thread] DEBUG Input                - Clearing active input actions
03:01:52.061 [JavaFX Application Thread] DEBUG GameApplicationServi - Removing overlay from FXGLLoadingScene and adding to GameScene
03:01:52.061 [JavaFX Application Thread] DEBUG PrimaryStageWindow   - FXGLLoadingScene -> GameScene
03:01:54.994 [FXGL Background Thread 3 ] DEBUG Engine               - Logging environment variables
03:01:54.995 [FXGL Background Thread 3 ] DEBUG Engine               - achievements: []
03:01:54.995 [FXGL Background Thread 3 ] DEBUG Engine               - actualHeight: 540.0
03:01:54.995 [FXGL Background Thread 3 ] DEBUG Engine               - actualHeightProperty: ReadOnlyDoubleProperty [value: 540.0]
03:01:54.995 [FXGL Background Thread 3 ] DEBUG Engine               - actualWidth: 960.0
03:01:54.995 [FXGL Background Thread 3 ] DEBUG Engine               - actualWidthProperty: ReadOnlyDoubleProperty [value: 960.0]
03:01:54.995 [FXGL Background Thread 3 ] DEBUG Engine               - appIcon: fxgl_icon.png
03:01:54.995 [FXGL Background Thread 3 ] DEBUG Engine               - applicationMode: DEVELOPER
03:01:54.995 [FXGL Background Thread 3 ] DEBUG Engine               - cSSList: [fxgl_dark.css]
03:01:54.995 [FXGL Background Thread 3 ] DEBUG Engine               - collisionDetectionStrategy: BRUTE_FORCE
03:01:54.995 [FXGL Background Thread 3 ] DEBUG Engine               - configClass: Optional.empty
03:01:54.995 [FXGL Background Thread 3 ] DEBUG Engine               - credits: []
03:01:54.998 [FXGL Background Thread 3 ] DEBUG Engine               - defaultCursor: CursorInfo(imageName=fxgl_default_cursor.png, hotspotX=7.0, hotspotY=6.0)
03:01:54.998 [FXGL Background Thread 3 ] DEBUG Engine               - devBBoxColorProperty: ObjectProperty [value: 0xff0000ff]
03:01:54.998 [FXGL Background Thread 3 ] DEBUG Engine               - devEnableDebugCameraProperty: BooleanProperty [value: false]
03:01:54.998 [FXGL Background Thread 3 ] DEBUG Engine               - devSensorColorProperty: ObjectProperty [value: 0xffff00ff]
03:01:54.999 [FXGL Background Thread 3 ] DEBUG Engine               - devShowBBoxProperty: BooleanProperty [value: false]
03:01:54.999 [FXGL Background Thread 3 ] DEBUG Engine               - devShowPositionProperty: BooleanProperty [value: false]
03:01:54.999 [FXGL Background Thread 3 ] DEBUG Engine               - enabledMenuItems: []
03:01:54.999 [FXGL Background Thread 3 ] DEBUG Engine               - engineServices: [class com.almasb.fxgl.app.services.FXGLAssetLoaderService, class com.almasb.fxgl.app.FXGLApplication$GameApplicationService, class com.almasb.fxgl.app.services.FXGLDialogService, class com.almasb.fxgl.app.services.IOTaskExecutorService, class com.almasb.fxgl.io.FileSystemService, class com.almasb.fxgl.localization.LocalizationService, class com.almasb.fxgl.app.services.SystemBundleService, class com.almasb.fxgl.profile.SaveLoadService, class com.almasb.fxgl.ui.FXGLUIFactoryServiceProvider, class com.almasb.fxgl.ui.FXGLDialogFactoryServiceProvider, class com.almasb.fxgl.audio.AudioPlayer, class com.almasb.fxgl.notification.impl.NotificationServiceProvider, class com.almasb.fxgl.achievement.AchievementService, class com.almasb.fxgl.cutscene.CutsceneService, class com.almasb.fxgl.minigames.MiniGameService, class com.almasb.fxgl.net.NetService, class com.almasb.fxgl.app.services.UpdaterService, class com.almasb.fxgl.dev.DevService]
03:01:54.999 [FXGL Background Thread 3 ] DEBUG Engine               - fontGame: Abel-Regular.ttf
03:01:54.999 [FXGL Background Thread 3 ] DEBUG Engine               - fontMono: TerminalLandMono-Regular.otf
03:01:54.999 [FXGL Background Thread 3 ] DEBUG Engine               - fontSizeScaleUI: 1.0
03:01:54.999 [FXGL Background Thread 3 ] DEBUG Engine               - fontText: Courier-Prime.ttf
03:01:54.999 [FXGL Background Thread 3 ] DEBUG Engine               - fontUI: VarelaRound-Regular.ttf
03:01:54.999 [FXGL Background Thread 3 ] DEBUG Engine               - fullScreen: BooleanProperty [value: false]
03:01:54.999 [FXGL Background Thread 3 ] DEBUG Engine               - gameDifficulty: MEDIUM
03:01:54.999 [FXGL Background Thread 3 ] DEBUG Engine               - gameDifficultyProperty: ObjectProperty [value: MEDIUM]
03:01:54.999 [FXGL Background Thread 3 ] DEBUG Engine               - globalMusicVolume: 0.5
03:01:54.999 [FXGL Background Thread 3 ] DEBUG Engine               - globalMusicVolumeProperty: DoubleProperty [value: 0.5]
03:01:54.999 [FXGL Background Thread 3 ] DEBUG Engine               - globalSoundVolume: 0.5
03:01:54.999 [FXGL Background Thread 3 ] DEBUG Engine               - globalSoundVolumeProperty: DoubleProperty [value: 0.5]
03:01:54.999 [FXGL Background Thread 3 ] DEBUG Engine               - height: 540
03:01:54.999 [FXGL Background Thread 3 ] DEBUG Engine               - is3D: false
03:01:54.999 [FXGL Background Thread 3 ] DEBUG Engine               - isAndroid: false
03:01:54.999 [FXGL Background Thread 3 ] DEBUG Engine               - isBrowser: false
03:01:54.999 [FXGL Background Thread 3 ] DEBUG Engine               - isClickFeedbackEnabled: false
03:01:54.999 [FXGL Background Thread 3 ] DEBUG Engine               - isCloseConfirmation: false
03:01:54.999 [FXGL Background Thread 3 ] DEBUG Engine               - isDesktop: true
03:01:54.999 [FXGL Background Thread 3 ] DEBUG Engine               - isDeveloperMenuEnabled: false
03:01:54.999 [FXGL Background Thread 3 ] DEBUG Engine               - isEmbedded: false
03:01:54.999 [FXGL Background Thread 3 ] DEBUG Engine               - isEntityPreloadEnabled: true
03:01:54.999 [FXGL Background Thread 3 ] DEBUG Engine               - isExperimentalTiledLargeMap: false
03:01:54.999 [FXGL Background Thread 3 ] DEBUG Engine               - isFileSystemWriteAllowed: true
03:01:54.999 [FXGL Background Thread 3 ] DEBUG Engine               - isFullScreenAllowed: false
03:01:54.999 [FXGL Background Thread 3 ] DEBUG Engine               - isFullScreenFromStart: false
03:01:54.999 [FXGL Background Thread 3 ] DEBUG Engine               - isGameMenuEnabled: false
03:01:55.000 [FXGL Background Thread 3 ] DEBUG Engine               - isIOS: false
03:01:55.000 [FXGL Background Thread 3 ] DEBUG Engine               - isIntroEnabled: false
03:01:55.000 [FXGL Background Thread 3 ] DEBUG Engine               - isLinux: false
03:01:55.000 [FXGL Background Thread 3 ] DEBUG Engine               - isMac: true
03:01:55.000 [FXGL Background Thread 3 ] DEBUG Engine               - isMainMenuEnabled: false
03:01:55.000 [FXGL Background Thread 3 ] DEBUG Engine               - isManualResizeEnabled: false
03:01:55.000 [FXGL Background Thread 3 ] DEBUG Engine               - isMobile: false
03:01:55.000 [FXGL Background Thread 3 ] DEBUG Engine               - isNative: false
03:01:55.000 [FXGL Background Thread 3 ] DEBUG Engine               - isPauseMusicWhenMinimized: true
03:01:55.000 [FXGL Background Thread 3 ] DEBUG Engine               - isPreserveResizeRatio: false
03:01:55.000 [FXGL Background Thread 3 ] DEBUG Engine               - isProfilingEnabled: false
03:01:55.000 [FXGL Background Thread 3 ] DEBUG Engine               - isScaleAffectedOnResize: true
03:01:55.000 [FXGL Background Thread 3 ] DEBUG Engine               - isSingleStep: false
03:01:55.000 [FXGL Background Thread 3 ] DEBUG Engine               - isUserProfileEnabled: false
03:01:55.000 [FXGL Background Thread 3 ] DEBUG Engine               - isWindows: false
03:01:55.000 [FXGL Background Thread 3 ] DEBUG Engine               - language: ObjectProperty [value: ENGLISH]
03:01:55.000 [FXGL Background Thread 3 ] DEBUG Engine               - menuKey: ESCAPE
03:01:55.000 [FXGL Background Thread 3 ] DEBUG Engine               - mouseSensitivity: 0.2
03:01:55.000 [FXGL Background Thread 3 ] DEBUG Engine               - notificationViewClass: class com.almasb.fxgl.notification.view.XboxNotificationView
03:01:55.000 [FXGL Background Thread 3 ] DEBUG Engine               - pixelsPerMeter: 50.0
03:01:55.000 [FXGL Background Thread 3 ] DEBUG Engine               - platform: MAC
03:01:55.000 [FXGL Background Thread 3 ] DEBUG Engine               - prefHeightProperty: ReadOnlyDoubleProperty [value: 540.0]
03:01:55.000 [FXGL Background Thread 3 ] DEBUG Engine               - prefWidthProperty: ReadOnlyDoubleProperty [value: 960.0]
03:01:55.000 [FXGL Background Thread 3 ] DEBUG Engine               - profileDir: profiles/
03:01:55.000 [FXGL Background Thread 3 ] DEBUG Engine               - profileName: StringProperty [value: DEFAULT]
03:01:55.000 [FXGL Background Thread 3 ] DEBUG Engine               - randomSeed: -1
03:01:55.000 [FXGL Background Thread 3 ] DEBUG Engine               - runtimeInfo: RuntimeInfo(platform=MAC, version=21.1, build=27.03.2024 07.52)
03:01:55.000 [FXGL Background Thread 3 ] DEBUG Engine               - saveFileExt: sav
03:01:55.000 [FXGL Background Thread 3 ] DEBUG Engine               - scaledHeightProp$fxgl: DoubleProperty [bound, value: 540.0]
03:01:55.000 [FXGL Background Thread 3 ] DEBUG Engine               - scaledWidthProp$fxgl: DoubleProperty [bound, value: 960.0]
03:01:55.000 [FXGL Background Thread 3 ] DEBUG Engine               - sceneFactory: com.almasb.fxgl.app.scene.SceneFactory@3f52de32
03:01:55.000 [FXGL Background Thread 3 ] DEBUG Engine               - secondsIn24h: 60
03:01:55.000 [FXGL Background Thread 3 ] DEBUG Engine               - soundMenuBack: menu/back.wav
03:01:55.000 [FXGL Background Thread 3 ] DEBUG Engine               - soundMenuPress: menu/press.wav
03:01:55.000 [FXGL Background Thread 3 ] DEBUG Engine               - soundMenuSelect: menu/select.wav
03:01:55.000 [FXGL Background Thread 3 ] DEBUG Engine               - soundNotification: core/notification.wav
03:01:55.000 [FXGL Background Thread 3 ] DEBUG Engine               - stageStyle: DECORATED
03:01:55.000 [FXGL Background Thread 3 ] DEBUG Engine               - supportedLanguages: [ENGLISH, FRENCH, GERMAN, HUNGARIAN, RUSSIAN]
03:01:55.000 [FXGL Background Thread 3 ] DEBUG Engine               - ticksPerSecond: -1
03:01:55.000 [FXGL Background Thread 3 ] DEBUG Engine               - title: 卡牌游戏
03:01:55.000 [FXGL Background Thread 3 ] DEBUG Engine               - urlGithub: https://github.com/AlmasB/FXGL
03:01:55.000 [FXGL Background Thread 3 ] DEBUG Engine               - urlLeaderboard: http://fxgl-top.herokuapp.com/
03:01:55.000 [FXGL Background Thread 3 ] DEBUG Engine               - urlPOM: https://raw.githubusercontent.com/AlmasB/FXGL/release/README.md
03:01:55.000 [FXGL Background Thread 3 ] DEBUG Engine               - userAppClass: class cc.ranmc.game.card.client.Main
03:01:55.000 [FXGL Background Thread 3 ] DEBUG Engine               - version: Alpha 0.1
03:01:55.000 [FXGL Background Thread 3 ] DEBUG Engine               - versionCheckDays: 7
03:01:55.000 [FXGL Background Thread 3 ] DEBUG Engine               - width: 960
03:01:55.000 [FXGL Background Thread 3 ] DEBUG Engine               - Logging services
03:01:55.000 [FXGL Background Thread 3 ] DEBUG Engine               - class com.almasb.fxgl.app.services.FXGLAssetLoaderService
03:01:55.001 [FXGL Background Thread 3 ] DEBUG Engine               - class com.almasb.fxgl.app.FXGLApplication$GameApplicationService
03:01:55.001 [FXGL Background Thread 3 ] DEBUG Engine               - class com.almasb.fxgl.app.services.FXGLDialogService
03:01:55.001 [FXGL Background Thread 3 ] DEBUG Engine               - class com.almasb.fxgl.app.services.IOTaskExecutorService
03:01:55.001 [FXGL Background Thread 3 ] DEBUG Engine               - class com.almasb.fxgl.io.FileSystemService
03:01:55.001 [FXGL Background Thread 3 ] DEBUG Engine               - class com.almasb.fxgl.localization.LocalizationService
03:01:55.001 [FXGL Background Thread 3 ] DEBUG Engine               - class com.almasb.fxgl.app.services.SystemBundleService
03:01:55.001 [FXGL Background Thread 3 ] DEBUG Engine               - class com.almasb.fxgl.profile.SaveLoadService
03:01:55.001 [FXGL Background Thread 3 ] DEBUG Engine               - class com.almasb.fxgl.ui.FXGLUIFactoryServiceProvider
03:01:55.001 [FXGL Background Thread 3 ] DEBUG Engine               - class com.almasb.fxgl.ui.FXGLDialogFactoryServiceProvider
03:01:55.001 [FXGL Background Thread 3 ] DEBUG Engine               - class com.almasb.fxgl.audio.AudioPlayer
03:01:55.001 [FXGL Background Thread 3 ] DEBUG Engine               - class com.almasb.fxgl.notification.impl.NotificationServiceProvider
03:01:55.001 [FXGL Background Thread 3 ] DEBUG Engine               - class com.almasb.fxgl.achievement.AchievementService
03:01:55.001 [FXGL Background Thread 3 ] DEBUG Engine               - class com.almasb.fxgl.cutscene.CutsceneService
03:01:55.001 [FXGL Background Thread 3 ] DEBUG Engine               - class com.almasb.fxgl.minigames.MiniGameService
03:01:55.001 [FXGL Background Thread 3 ] DEBUG Engine               - class com.almasb.fxgl.net.NetService
03:01:55.001 [FXGL Background Thread 3 ] DEBUG Engine               - class com.almasb.fxgl.app.services.UpdaterService
03:01:55.001 [FXGL Background Thread 3 ] DEBUG Engine               - class com.almasb.fxgl.dev.DevService
03:01:56.583 [JavaFX Application Thread] DEBUG FXGLApplication      - Exiting FXGL
03:01:56.583 [JavaFX Application Thread] DEBUG LoopRunner           - Stopping loop
03:01:56.583 [JavaFX Application Thread] DEBUG SystemBundleService  - Saving FXGL system data
03:01:56.585 [JavaFX Application Thread] DEBUG FileSystemAccess     - Writing to: /Users/rain/Desktop/Project/CardGame/system/fxgl.bundle
03:01:56.586 [JavaFX Application Thread] DEBUG Async                - Shutting down background threads
03:01:56.586 [JavaFX Application Thread] DEBUG PrimaryStageWindow   - Closing main window
03:01:56.591 [JavaFX Application Thread] DEBUG Logger               - Closing Logger
